{"meta": {"format": 3, "version": "7.13.2", "timestamp": "2026-01-29T16:23:23.564877", "branch_coverage": false, "show_contexts": false}, "files": {"app/__init__.py": {"executed_lines": [4], "summary": {"covered_lines": 1, "num_statements": 1, "percent_covered": 100.0, "percent_covered_display": "100", "missing_lines": 0, "excluded_lines": 0, "percent_statements_covered": 100.0, "percent_statements_covered_display": "100"}, "missing_lines": [], "excluded_lines": [], "functions": {"": {"executed_lines": [4], "summary": {"covered_lines": 1, "num_statements": 1, "percent_covered": 100.0, "percent_covered_display": "100", "missing_lines": 0, "excluded_lines": 0, "percent_statements_covered": 100.0, "percent_statements_covered_display": "100"}, "missing_lines": [], "excluded_lines": [], "start_line": 1}}, "classes": {"": {"executed_lines": [4], "summary": {"covered_lines": 1, "num_statements": 1, "percent_covered": 100.0, "percent_covered_display": "100", "missing_lines": 0, "excluded_lines": 0, "percent_statements_covered": 100.0, "percent_statements_covered_display": "100"}, "missing_lines": [], "excluded_lines": [], "start_line": 1}}}, "app/core/__init__.py": {"executed_lines": [], "summary": {"covered_lines": 0, "num_statements": 0, "percent_covered": 100.0, "percent_covered_display": "100", "missing_lines": 0, "excluded_lines": 0, "percent_statements_covered": 100.0, "percent_statements_covered_display": "100"}, "missing_lines": [], "excluded_lines": [], "functions": {"": {"executed_lines": [], "summary": {"covered_lines": 0, "num_statements": 0, "percent_covered": 100.0, "percent_covered_display": "100", "missing_lines": 0, "excluded_lines": 0, "percent_statements_covered": 100.0, "percent_statements_covered_display": "100"}, "missing_lines": [], "excluded_lines": [], "start_line": 1}}, "classes": {"": {"executed_lines": [], "summary": {"covered_lines": 0, "num_statements": 0, "percent_covered": 100.0, "percent_covered_display": "100", "missing_lines": 0, "excluded_lines": 0, "percent_statements_covered": 100.0, "percent_statements_covered_display": "100"}, "missing_lines": [], "excluded_lines": [], "start_line": 1}}}, "app/core/cache.py": {"executed_lines": [6, 7, 8, 9, 10, 11, 13, 14, 15, 22, 25, 29, 33, 37, 41, 45, 51, 54, 57, 58, 67, 68, 70, 73, 85, 92, 95, 96, 97, 104, 114, 125, 126, 128, 137, 138, 139, 141, 142, 144, 154, 155, 156, 157, 158, 159, 160, 162, 167, 178, 192, 199, 218, 219, 221, 222, 225, 229, 232, 252, 266, 267, 268, 270, 271, 277, 285, 292, 293, 298, 299, 302, 304, 307, 325, 326, 328, 330, 333, 349, 356, 357, 359, 364, 365, 366, 373, 378], "summary": {"covered_lines": 88, "num_statements": 136, "percent_covered": 64.70588235294117, "percent_covered_display": "65", "missing_lines": 48, "excluded_lines": 0, "percent_statements_covered": 64.70588235294117, "percent_statements_covered_display": "65"}, "missing_lines": [27, 31, 35, 39, 43, 47, 65, 66, 76, 77, 78, 79, 80, 81, 115, 117, 118, 119, 122, 123, 124, 164, 165, 169, 170, 172, 180, 181, 185, 186, 187, 188, 226, 227, 245, 272, 278, 294, 295, 309, 310, 317, 322, 323, 346, 375, 380, 386], "excluded_lines": [], "functions": {"MockRedisClient.get": {"executed_lines": [], "summary": {"covered_lines": 0, "num_statements": 1, "percent_covered": 0.0, "percent_covered_display": "0", "missing_lines": 1, "excluded_lines": 0, "percent_statements_covered": 0.0, "percent_statements_covered_display": "0"}, "missing_lines": [27], "excluded_lines": [], "start_line": 25}, "MockRedisClient.setex": {"executed_lines": [], "summary": {"covered_lines": 0, "num_statements": 1, "percent_covered": 0.0, "percent_covered_display": "0", "missing_lines": 1, "excluded_lines": 0, "percent_statements_covered": 0.0, "percent_statements_covered_display": "0"}, "missing_lines": [31], "excluded_lines": [], "start_line": 29}, "MockRedisClient.delete": {"executed_lines": [], "summary": {"covered_lines": 0, "num_statements": 1, "percent_covered": 0.0, "percent_covered_display": "0", "missing_lines": 1, "excluded_lines": 0, "percent_statements_covered": 0.0, "percent_statements_covered_display": "0"}, "missing_lines": [35], "excluded_lines": [], "start_line": 33}, "MockRedisClient.keys": {"executed_lines": [], "summary": {"covered_lines": 0, "num_statements": 1, "percent_covered": 0.0, "percent_covered_display": "0", "missing_lines": 1, "excluded_lines": 0, "percent_statements_covered": 0.0, "percent_statements_covered_display": "0"}, "missing_lines": [39], "excluded_lines": [], "start_line": 37}, "MockRedisClient.ping": {"executed_lines": [], "summary": {"covered_lines": 0, "num_statements": 1, "percent_covered": 0.0, "percent_covered_display": "0", "missing_lines": 1, "excluded_lines": 0, "percent_statements_covered": 0.0, "percent_statements_covered_display": "0"}, "missing_lines": [43], "excluded_lines": [], "start_line": 41}, "MockRedisClient.close": {"executed_lines": [], "summary": {"covered_lines": 0, "num_statements": 1, "percent_covered": 0.0, "percent_covered_display": "0", "missing_lines": 1, "excluded_lines": 0, "percent_statements_covered": 0.0, "percent_statements_covered_display": "0"}, "missing_lines": [47], "excluded_lines": [], "start_line": 45}, "init_redis_client": {"executed_lines": [57, 58, 67, 68, 70], "summary": {"covered_lines": 5, "num_statements": 7, "percent_covered": 71.42857142857143, "percent_covered_display": "71", "missing_lines": 2, "excluded_lines": 0, "percent_statements_covered": 71.42857142857143, "percent_statements_covered_display": "71"}, "missing_lines": [65, 66], "excluded_lines": [], "start_line": 54}, "close_redis_client": {"executed_lines": [], "summary": {"covered_lines": 0, "num_statements": 6, "percent_covered": 0.0, "percent_covered_display": "0", "missing_lines": 6, "excluded_lines": 0, "percent_statements_covered": 0.0, "percent_statements_covered_display": "0"}, "missing_lines": [76, 77, 78, 79, 80, 81], "excluded_lines": [], "start_line": 73}, "MemoryCache.__init__": {"executed_lines": [96, 97], "summary": {"covered_lines": 2, "num_statements": 2, "percent_covered": 100.0, "percent_covered_display": "100", "missing_lines": 0, "excluded_lines": 0, "percent_statements_covered": 100.0, "percent_statements_covered_display": "100"}, "missing_lines": [], "excluded_lines": [], "start_line": 95}, "MemoryCache.get": {"executed_lines": [114, 125, 126], "summary": {"covered_lines": 3, "num_statements": 10, "percent_covered": 30.0, "percent_covered_display": "30", "missing_lines": 7, "excluded_lines": 0, "percent_statements_covered": 30.0, "percent_statements_covered_display": "30"}, "missing_lines": [115, 117, 118, 119, 122, 123, 124], "excluded_lines": [], "start_line": 104}, "MemoryCache.set": {"executed_lines": [137, 138, 139, 141, 142], "summary": {"covered_lines": 5, "num_statements": 5, "percent_covered": 100.0, "percent_covered_display": "100", "missing_lines": 0, "excluded_lines": 0, "percent_statements_covered": 100.0, "percent_statements_covered_display": "100"}, "missing_lines": [], "excluded_lines": [], "start_line": 128}, "MemoryCache.delete": {"executed_lines": [154, 155, 156, 157, 158, 159, 160], "summary": {"covered_lines": 7, "num_statements": 7, "percent_covered": 100.0, "percent_covered_display": "100", "missing_lines": 0, "excluded_lines": 0, "percent_statements_covered": 100.0, "percent_statements_covered_display": "100"}, "missing_lines": [], "excluded_lines": [], "start_line": 144}, "MemoryCache.clear": {"executed_lines": [], "summary": {"covered_lines": 0, "num_statements": 2, "percent_covered": 0.0, "percent_covered_display": "0", "missing_lines": 2, "excluded_lines": 0, "percent_statements_covered": 0.0, "percent_statements_covered_display": "0"}, "missing_lines": [164, 165], "excluded_lines": [], "start_line": 162}, "MemoryCache.get_stats": {"executed_lines": [], "summary": {"covered_lines": 0, "num_statements": 3, "percent_covered": 0.0, "percent_covered_display": "0", "missing_lines": 3, "excluded_lines": 0, "percent_statements_covered": 0.0, "percent_statements_covered_display": "0"}, "missing_lines": [169, 170, 172], "excluded_lines": [], "start_line": 167}, "MemoryCache.cleanup_expired": {"executed_lines": [], "summary": {"covered_lines": 0, "num_statements": 6, "percent_covered": 0.0, "percent_covered_display": "0", "missing_lines": 6, "excluded_lines": 0, "percent_statements_covered": 0.0, "percent_statements_covered_display": "0"}, "missing_lines": [180, 181, 185, 186, 187, 188], "excluded_lines": [], "start_line": 178}, "generate_cache_key": {"executed_lines": [218, 219, 221, 222, 225, 229], "summary": {"covered_lines": 6, "num_statements": 8, "percent_covered": 75.0, "percent_covered_display": "75", "missing_lines": 2, "excluded_lines": 0, "percent_statements_covered": 75.0, "percent_statements_covered_display": "75"}, "missing_lines": [226, 227], "excluded_lines": [], "start_line": 199}, "generate_user_cache_key": {"executed_lines": [], "summary": {"covered_lines": 0, "num_statements": 1, "percent_covered": 0.0, "percent_covered_display": "0", "missing_lines": 1, "excluded_lines": 0, "percent_statements_covered": 0.0, "percent_statements_covered_display": "0"}, "missing_lines": [245], "excluded_lines": [], "start_line": 232}, "cache_query": {"executed_lines": [266, 267, 330], "summary": {"covered_lines": 3, "num_statements": 3, "percent_covered": 100.0, "percent_covered_display": "100", "missing_lines": 0, "excluded_lines": 0, "percent_statements_covered": 100.0, "percent_statements_covered_display": "100"}, "missing_lines": [], "excluded_lines": [], "start_line": 252}, "cache_query.decorator": {"executed_lines": [268, 307, 325, 326, 328], "summary": {"covered_lines": 5, "num_statements": 5, "percent_covered": 100.0, "percent_covered_display": "100", "missing_lines": 0, "excluded_lines": 0, "percent_statements_covered": 100.0, "percent_statements_covered_display": "100"}, "missing_lines": [], "excluded_lines": [], "start_line": 266}, "cache_query.decorator.wrapper": {"executed_lines": [270, 271, 277, 285, 292, 293, 298, 299, 302, 304], "summary": {"covered_lines": 10, "num_statements": 14, "percent_covered": 71.42857142857143, "percent_covered_display": "71", "missing_lines": 4, "excluded_lines": 0, "percent_statements_covered": 71.42857142857143, "percent_statements_covered_display": "71"}, "missing_lines": [272, 278, 294, 295], "excluded_lines": [], "start_line": 268}, "cache_query.decorator.invalidate": {"executed_lines": [], "summary": {"covered_lines": 0, "num_statements": 5, "percent_covered": 0.0, "percent_covered_display": "0", "missing_lines": 5, "excluded_lines": 0, "percent_statements_covered": 0.0, "percent_statements_covered_display": "0"}, "missing_lines": [309, 310, 317, 322, 323], "excluded_lines": [], "start_line": 307}, "cache_config": {"executed_lines": [], "summary": {"covered_lines": 0, "num_statements": 1, "percent_covered": 0.0, "percent_covered_display": "0", "missing_lines": 1, "excluded_lines": 0, "percent_statements_covered": 0.0, "percent_statements_covered_display": "0"}, "missing_lines": [346], "excluded_lines": [], "start_line": 333}, "invalidate_cache_pattern": {"executed_lines": [356, 357, 359, 364, 365, 366], "summary": {"covered_lines": 6, "num_statements": 6, "percent_covered": 100.0, "percent_covered_display": "100", "missing_lines": 0, "excluded_lines": 0, "percent_statements_covered": 100.0, "percent_statements_covered_display": "100"}, "missing_lines": [], "excluded_lines": [], "start_line": 349}, "get_cache_stats": {"executed_lines": [], "summary": {"covered_lines": 0, "num_statements": 1, "percent_covered": 0.0, "percent_covered_display": "0", "missing_lines": 1, "excluded_lines": 0, "percent_statements_covered": 0.0, "percent_statements_covered_display": "0"}, "missing_lines": [375], "excluded_lines": [], "start_line": 373}, "reset_cache_stats": {"executed_lines": [], "summary": {"covered_lines": 0, "num_statements": 2, "percent_covered": 0.0, "percent_covered_display": "0", "missing_lines": 2, "excluded_lines": 0, "percent_statements_covered": 0.0, "percent_statements_covered_display": "0"}, "missing_lines": [380, 386], "excluded_lines": [], "start_line": 378}, "": {"executed_lines": [6, 7, 8, 9, 10, 11, 13, 14, 15, 22, 25, 29, 33, 37, 41, 45, 51, 54, 73, 85, 92, 95, 104, 128, 144, 162, 167, 178, 192, 199, 232, 252, 333, 349, 373, 378], "summary": {"covered_lines": 36, "num_statements": 36, "percent_covered": 100.0, "percent_covered_display": "100", "missing_lines": 0, "excluded_lines": 0, "percent_statements_covered": 100.0, "percent_statements_covered_display": "100"}, "missing_lines": [], "excluded_lines": [], "start_line": 1}}, "classes": {"MockRedisClient": {"executed_lines": [], "summary": {"covered_lines": 0, "num_statements": 6, "percent_covered": 0.0, "percent_covered_display": "0", "missing_lines": 6, "excluded_lines": 0, "percent_statements_covered": 0.0, "percent_statements_covered_display": "0"}, "missing_lines": [27, 31, 35, 39, 43, 47], "excluded_lines": [], "start_line": 22}, "MemoryCache": {"executed_lines": [96, 97, 114, 125, 126, 137, 138, 139, 141, 142, 154, 155, 156, 157, 158, 159, 160], "summary": {"covered_lines": 17, "num_statements": 35, "percent_covered": 48.57142857142857, "percent_covered_display": "49", "missing_lines": 18, "excluded_lines": 0, "percent_statements_covered": 48.57142857142857, "percent_statements_covered_display": "49"}, "missing_lines": [115, 117, 118, 119, 122, 123, 124, 164, 165, 169, 170, 172, 180, 181, 185, 186, 187, 188], "excluded_lines": [], "start_line": 92}, "": {"executed_lines": [6, 7, 8, 9, 10, 11, 13, 14, 15, 22, 25, 29, 33, 37, 41, 45, 51, 54, 57, 58, 67, 68, 70, 73, 85, 92, 95, 104, 128, 144, 162, 167, 178, 192, 199, 218, 219, 221, 222, 225, 229, 232, 252, 266, 267, 268, 270, 271, 277, 285, 292, 293, 298, 299, 302, 304, 307, 325, 326, 328, 330, 333, 349, 356, 357, 359, 364, 365, 366, 373, 378], "summary": {"covered_lines": 71, "num_statements": 95, "percent_covered": 74.73684210526316, "percent_covered_display": "75", "missing_lines": 24, "excluded_lines": 0, "percent_statements_covered": 74.73684210526316, "percent_statements_covered_display": "75"}, "missing_lines": [65, 66, 76, 77, 78, 79, 80, 81, 226, 227, 245, 272, 278, 294, 295, 309, 310, 317, 322, 323, 346, 375, 380, 386], "excluded_lines": [], "start_line": 1}}}, "app/core/config.py": {"executed_lines": [4, 5, 7, 9, 10, 11, 14, 18, 19, 20, 21, 24, 27, 28, 31, 32, 35, 38, 39, 40, 41, 42, 45, 48, 49, 52, 53, 56, 59, 60, 63, 64, 65, 68, 69, 70, 71, 72, 73, 74, 75, 76, 77, 78, 80, 88], "summary": {"covered_lines": 46, "num_statements": 46, "percent_covered": 100.0, "percent_covered_display": "100", "missing_lines": 0, "excluded_lines": 0, "percent_statements_covered": 100.0, "percent_statements_covered_display": "100"}, "missing_lines": [], "excluded_lines": [], "functions": {"": {"executed_lines": [4, 5, 7, 9, 10, 11, 14, 18, 19, 20, 21, 24, 27, 28, 31, 32, 35, 38, 39, 40, 41, 42, 45, 48, 49, 52, 53, 56, 59, 60, 63, 64, 65, 68, 69, 70, 71, 72, 73, 74, 75, 76, 77, 78, 80, 88], "summary": {"covered_lines": 46, "num_statements": 46, "percent_covered": 100.0, "percent_covered_display": "100", "missing_lines": 0, "excluded_lines": 0, "percent_statements_covered": 100.0, "percent_statements_covered_display": "100"}, "missing_lines": [], "excluded_lines": [], "start_line": 1}}, "classes": {"Settings": {"executed_lines": [], "summary": {"covered_lines": 0, "num_statements": 0, "percent_covered": 100.0, "percent_covered_display": "100", "missing_lines": 0, "excluded_lines": 0, "percent_statements_covered": 100.0, "percent_statements_covered_display": "100"}, "missing_lines": [], "excluded_lines": [], "start_line": 14}, "": {"executed_lines": [4, 5, 7, 9, 10, 11, 14, 18, 19, 20, 21, 24, 27, 28, 31, 32, 35, 38, 39, 40, 41, 42, 45, 48, 49, 52, 53, 56, 59, 60, 63, 64, 65, 68, 69, 70, 71, 72, 73, 74, 75, 76, 77, 78, 80, 88], "summary": {"covered_lines": 46, "num_statements": 46, "percent_covered": 100.0, "percent_covered_display": "100", "missing_lines": 0, "excluded_lines": 0, "percent_statements_covered": 100.0, "percent_statements_covered_display": "100"}, "missing_lines": [], "excluded_lines": [], "start_line": 1}}}, "app/core/error_handlers.py": {"executed_lines": [4, 5, 6, 7, 8, 9, 10, 11, 12, 16, 20, 21, 22, 23, 24, 25, 26, 29, 30, 31, 32, 35, 36, 37, 38, 41, 42, 43, 44, 47, 48, 49, 52, 53, 54, 55, 58, 59, 60, 61, 64, 65, 66, 69, 70, 71, 74, 75, 76, 77, 80, 85, 103, 149, 209, 263], "summary": {"covered_lines": 56, "num_statements": 118, "percent_covered": 47.45762711864407, "percent_covered_display": "47", "missing_lines": 62, "excluded_lines": 0, "percent_statements_covered": 47.45762711864407, "percent_statements_covered_display": "47"}, "missing_lines": [82, 87, 92, 93, 94, 95, 96, 98, 100, 112, 115, 121, 130, 132, 138, 158, 161, 162, 163, 164, 165, 166, 168, 169, 172, 173, 174, 175, 176, 177, 178, 179, 180, 181, 183, 186, 192, 198, 216, 219, 222, 229, 230, 233, 234, 235, 236, 239, 240, 241, 246, 252, 270, 273, 274, 275, 276, 279, 280, 283, 289, 295], "excluded_lines": [], "functions": {"generate_request_id": {"executed_lines": [], "summary": {"covered_lines": 0, "num_statements": 1, "percent_covered": 0.0, "percent_covered_display": "0", "missing_lines": 1, "excluded_lines": 0, "percent_statements_covered": 0.0, "percent_statements_covered_display": "0"}, "missing_lines": [82], "excluded_lines": [], "start_line": 80}, "sanitize_error_details": {"executed_lines": [], "summary": {"covered_lines": 0, "num_statements": 8, "percent_covered": 0.0, "percent_covered_display": "0", "missing_lines": 8, "excluded_lines": 0, "percent_statements_covered": 0.0, "percent_statements_covered_display": "0"}, "missing_lines": [87, 92, 93, 94, 95, 96, 98, 100], "excluded_lines": [], "start_line": 85}, "http_exception_handler": {"executed_lines": [], "summary": {"covered_lines": 0, "num_statements": 6, "percent_covered": 0.0, "percent_covered_display": "0", "missing_lines": 6, "excluded_lines": 0, "percent_statements_covered": 0.0, "percent_statements_covered_display": "0"}, "missing_lines": [112, 115, 121, 130, 132, 138], "excluded_lines": [], "start_line": 103}, "validation_exception_handler": {"executed_lines": [], "summary": {"covered_lines": 0, "num_statements": 23, "percent_covered": 0.0, "percent_covered_display": "0", "missing_lines": 23, "excluded_lines": 0, "percent_statements_covered": 0.0, "percent_statements_covered_display": "0"}, "missing_lines": [158, 161, 162, 163, 164, 165, 166, 168, 169, 172, 173, 174, 175, 176, 177, 178, 179, 180, 181, 183, 186, 192, 198], "excluded_lines": [], "start_line": 149}, "general_exception_handler": {"executed_lines": [], "summary": {"covered_lines": 0, "num_statements": 14, "percent_covered": 0.0, "percent_covered_display": "0", "missing_lines": 14, "excluded_lines": 0, "percent_statements_covered": 0.0, "percent_statements_covered_display": "0"}, "missing_lines": [216, 219, 222, 229, 230, 233, 234, 235, 236, 239, 240, 241, 246, 252], "excluded_lines": [], "start_line": 209}, "business_exception_handler": {"executed_lines": [], "summary": {"covered_lines": 0, "num_statements": 10, "percent_covered": 0.0, "percent_covered_display": "0", "missing_lines": 10, "excluded_lines": 0, "percent_statements_covered": 0.0, "percent_statements_covered_display": "0"}, "missing_lines": [270, 273, 274, 275, 276, 279, 280, 283, 289, 295], "excluded_lines": [], "start_line": 263}, "": {"executed_lines": [4, 5, 6, 7, 8, 9, 10, 11, 12, 16, 20, 21, 22, 23, 24, 25, 26, 29, 30, 31, 32, 35, 36, 37, 38, 41, 42, 43, 44, 47, 48, 49, 52, 53, 54, 55, 58, 59, 60, 61, 64, 65, 66, 69, 70, 71, 74, 75, 76, 77, 80, 85, 103, 149, 209, 263], "summary": {"covered_lines": 56, "num_statements": 56, "percent_covered": 100.0, "percent_covered_display": "100", "missing_lines": 0, "excluded_lines": 0, "percent_statements_covered": 100.0, "percent_statements_covered_display": "100"}, "missing_lines": [], "excluded_lines": [], "start_line": 1}}, "classes": {"ErrorCode": {"executed_lines": [], "summary": {"covered_lines": 0, "num_statements": 0, "percent_covered": 100.0, "percent_covered_display": "100", "missing_lines": 0, "excluded_lines": 0, "percent_statements_covered": 100.0, "percent_statements_covered_display": "100"}, "missing_lines": [], "excluded_lines": [], "start_line": 16}, "": {"executed_lines": [4, 5, 6, 7, 8, 9, 10, 11, 12, 16, 20, 21, 22, 23, 24, 25, 26, 29, 30, 31, 32, 35, 36, 37, 38, 41, 42, 43, 44, 47, 48, 49, 52, 53, 54, 55, 58, 59, 60, 61, 64, 65, 66, 69, 70, 71, 74, 75, 76, 77, 80, 85, 103, 149, 209, 263], "summary": {"covered_lines": 56, "num_statements": 118, "percent_covered": 47.45762711864407, "percent_covered_display": "47", "missing_lines": 62, "excluded_lines": 0, "percent_statements_covered": 47.45762711864407, "percent_statements_covered_display": "47"}, "missing_lines": [82, 87, 92, 93, 94, 95, 96, 98, 100, 112, 115, 121, 130, 132, 138, 158, 161, 162, 163, 164, 165, 166, 168, 169, 172, 173, 174, 175, 176, 177, 178, 179, 180, 181, 183, 186, 192, 198, 216, 219, 222, 229, 230, 233, 234, 235, 236, 239, 240, 241, 246, 252, 270, 273, 274, 275, 276, 279, 280, 283, 289, 295], "excluded_lines": [], "start_line": 1}}}, "app/core/exceptions.py": {"executed_lines": [4, 5, 6, 7, 8, 10, 11, 16, 23, 30, 31, 32, 33, 34, 39, 46, 60, 67, 89, 96, 118, 125, 138, 145, 168, 173, 191, 196, 218, 223, 238, 241, 247, 255, 258, 259, 266, 269, 277, 280, 290, 293, 299, 307, 310, 311, 318, 321, 322, 331, 334, 350, 353, 366, 369, 393, 405, 417], "summary": {"covered_lines": 58, "num_statements": 105, "percent_covered": 55.23809523809524, "percent_covered_display": "55", "missing_lines": 47, "excluded_lines": 0, "percent_statements_covered": 55.23809523809524, "percent_statements_covered_display": "55"}, "missing_lines": [52, 73, 74, 75, 77, 78, 79, 81, 102, 103, 104, 106, 107, 108, 110, 130, 152, 153, 154, 155, 156, 158, 180, 181, 183, 202, 203, 204, 206, 207, 208, 210, 228, 270, 281, 340, 358, 375, 376, 377, 379, 401, 402, 413, 414, 423, 424], "excluded_lines": [], "functions": {"BaseAppException.__init__": {"executed_lines": [30, 31, 32, 33, 34], "summary": {"covered_lines": 5, "num_statements": 5, "percent_covered": 100.0, "percent_covered_display": "100", "missing_lines": 0, "excluded_lines": 0, "percent_statements_covered": 100.0, "percent_statements_covered_display": "100"}, "missing_lines": [], "excluded_lines": [], "start_line": 23}, "BusinessException.__init__": {"executed_lines": [], "summary": {"covered_lines": 0, "num_statements": 1, "percent_covered": 0.0, "percent_covered_display": "0", "missing_lines": 1, "excluded_lines": 0, "percent_statements_covered": 0.0, "percent_statements_covered_display": "0"}, "missing_lines": [52], "excluded_lines": [], "start_line": 46}, "ResourceNotFoundException.__init__": {"executed_lines": [], "summary": {"covered_lines": 0, "num_statements": 7, "percent_covered": 0.0, "percent_covered_display": "0", "missing_lines": 7, "excluded_lines": 0, "percent_statements_covered": 0.0, "percent_statements_covered_display": "0"}, "missing_lines": [73, 74, 75, 77, 78, 79, 81], "excluded_lines": [], "start_line": 67}, "ResourceAlreadyExistsException.__init__": {"executed_lines": [], "summary": {"covered_lines": 0, "num_statements": 7, "percent_covered": 0.0, "percent_covered_display": "0", "missing_lines": 7, "excluded_lines": 0, "percent_statements_covered": 0.0, "percent_statements_covered_display": "0"}, "missing_lines": [102, 103, 104, 106, 107, 108, 110], "excluded_lines": [], "start_line": 96}, "PermissionDeniedException.__init__": {"executed_lines": [], "summary": {"covered_lines": 0, "num_statements": 1, "percent_covered": 0.0, "percent_covered_display": "0", "missing_lines": 1, "excluded_lines": 0, "percent_statements_covered": 0.0, "percent_statements_covered_display": "0"}, "missing_lines": [130], "excluded_lines": [], "start_line": 125}, "InvalidStateException.__init__": {"executed_lines": [], "summary": {"covered_lines": 0, "num_statements": 6, "percent_covered": 0.0, "percent_covered_display": "0", "missing_lines": 6, "excluded_lines": 0, "percent_statements_covered": 0.0, "percent_statements_covered_display": "0"}, "missing_lines": [152, 153, 154, 155, 156, 158], "excluded_lines": [], "start_line": 145}, "ExternalServiceException.__init__": {"executed_lines": [], "summary": {"covered_lines": 0, "num_statements": 3, "percent_covered": 0.0, "percent_covered_display": "0", "missing_lines": 3, "excluded_lines": 0, "percent_statements_covered": 0.0, "percent_statements_covered_display": "0"}, "missing_lines": [180, 181, 183], "excluded_lines": [], "start_line": 173}, "ServiceTimeoutException.__init__": {"executed_lines": [], "summary": {"covered_lines": 0, "num_statements": 7, "percent_covered": 0.0, "percent_covered_display": "0", "missing_lines": 7, "excluded_lines": 0, "percent_statements_covered": 0.0, "percent_statements_covered_display": "0"}, "missing_lines": [202, 203, 204, 206, 207, 208, 210], "excluded_lines": [], "start_line": 196}, "ServiceUnavailableException.__init__": {"executed_lines": [], "summary": {"covered_lines": 0, "num_statements": 1, "percent_covered": 0.0, "percent_covered_display": "0", "missing_lines": 1, "excluded_lines": 0, "percent_statements_covered": 0.0, "percent_statements_covered_display": "0"}, "missing_lines": [228], "excluded_lines": [], "start_line": 223}, "CreatorException.__init__": {"executed_lines": [247], "summary": {"covered_lines": 1, "num_statements": 1, "percent_covered": 100.0, "percent_covered_display": "100", "missing_lines": 0, "excluded_lines": 0, "percent_statements_covered": 100.0, "percent_statements_covered_display": "100"}, "missing_lines": [], "excluded_lines": [], "start_line": 241}, "CreatorCLINotFoundException.__init__": {"executed_lines": [259], "summary": {"covered_lines": 1, "num_statements": 1, "percent_covered": 100.0, "percent_covered_display": "100", "missing_lines": 0, "excluded_lines": 0, "percent_statements_covered": 100.0, "percent_statements_covered_display": "100"}, "missing_lines": [], "excluded_lines": [], "start_line": 258}, "CreatorTimeoutException.__init__": {"executed_lines": [], "summary": {"covered_lines": 0, "num_statements": 1, "percent_covered": 0.0, "percent_covered_display": "0", "missing_lines": 1, "excluded_lines": 0, "percent_statements_covered": 0.0, "percent_statements_covered_display": "0"}, "missing_lines": [270], "excluded_lines": [], "start_line": 269}, "CreatorInvalidResponseException.__init__": {"executed_lines": [], "summary": {"covered_lines": 0, "num_statements": 1, "percent_covered": 0.0, "percent_covered_display": "0", "missing_lines": 1, "excluded_lines": 0, "percent_statements_covered": 0.0, "percent_statements_covered_display": "0"}, "missing_lines": [281], "excluded_lines": [], "start_line": 280}, "PublisherException.__init__": {"executed_lines": [299], "summary": {"covered_lines": 1, "num_statements": 1, "percent_covered": 100.0, "percent_covered_display": "100", "missing_lines": 0, "excluded_lines": 0, "percent_statements_covered": 100.0, "percent_statements_covered_display": "100"}, "missing_lines": [], "excluded_lines": [], "start_line": 293}, "PublisherTimeoutException.__init__": {"executed_lines": [311], "summary": {"covered_lines": 1, "num_statements": 1, "percent_covered": 100.0, "percent_covered_display": "100", "missing_lines": 0, "excluded_lines": 0, "percent_statements_covered": 100.0, "percent_statements_covered_display": "100"}, "missing_lines": [], "excluded_lines": [], "start_line": 310}, "PublisherUnauthorizedException.__init__": {"executed_lines": [322], "summary": {"covered_lines": 1, "num_statements": 1, "percent_covered": 100.0, "percent_covered_display": "100", "missing_lines": 0, "excluded_lines": 0, "percent_statements_covered": 100.0, "percent_statements_covered_display": "100"}, "missing_lines": [], "excluded_lines": [], "start_line": 321}, "DatabaseException.__init__": {"executed_lines": [], "summary": {"covered_lines": 0, "num_statements": 1, "percent_covered": 0.0, "percent_covered_display": "0", "missing_lines": 1, "excluded_lines": 0, "percent_statements_covered": 0.0, "percent_statements_covered_display": "0"}, "missing_lines": [340], "excluded_lines": [], "start_line": 334}, "FileUploadException.__init__": {"executed_lines": [], "summary": {"covered_lines": 0, "num_statements": 1, "percent_covered": 0.0, "percent_covered_display": "0", "missing_lines": 1, "excluded_lines": 0, "percent_statements_covered": 0.0, "percent_statements_covered_display": "0"}, "missing_lines": [358], "excluded_lines": [], "start_line": 353}, "FileSizeExceededException.__init__": {"executed_lines": [], "summary": {"covered_lines": 0, "num_statements": 4, "percent_covered": 0.0, "percent_covered_display": "0", "missing_lines": 4, "excluded_lines": 0, "percent_statements_covered": 0.0, "percent_statements_covered_display": "0"}, "missing_lines": [375, 376, 377, 379], "excluded_lines": [], "start_line": 369}, "http_exception_handler": {"executed_lines": [], "summary": {"covered_lines": 0, "num_statements": 2, "percent_covered": 0.0, "percent_covered_display": "0", "missing_lines": 2, "excluded_lines": 0, "percent_statements_covered": 0.0, "percent_statements_covered_display": "0"}, "missing_lines": [401, 402], "excluded_lines": [], "start_line": 393}, "validation_exception_handler": {"executed_lines": [], "summary": {"covered_lines": 0, "num_statements": 2, "percent_covered": 0.0, "percent_covered_display": "0", "missing_lines": 2, "excluded_lines": 0, "percent_statements_covered": 0.0, "percent_statements_covered_display": "0"}, "missing_lines": [413, 414], "excluded_lines": [], "start_line": 405}, "general_exception_handler": {"executed_lines": [], "summary": {"covered_lines": 0, "num_statements": 2, "percent_covered": 0.0, "percent_covered_display": "0", "missing_lines": 2, "excluded_lines": 0, "percent_statements_covered": 0.0, "percent_statements_covered_display": "0"}, "missing_lines": [423, 424], "excluded_lines": [], "start_line": 417}, "": {"executed_lines": [4, 5, 6, 7, 8, 10, 11, 16, 23, 39, 46, 60, 67, 89, 96, 118, 125, 138, 145, 168, 173, 191, 196, 218, 223, 238, 241, 255, 258, 266, 269, 277, 280, 290, 293, 307, 310, 318, 321, 331, 334, 350, 353, 366, 369, 393, 405, 417], "summary": {"covered_lines": 48, "num_statements": 48, "percent_covered": 100.0, "percent_covered_display": "100", "missing_lines": 0, "excluded_lines": 0, "percent_statements_covered": 100.0, "percent_statements_covered_display": "100"}, "missing_lines": [], "excluded_lines": [], "start_line": 1}}, "classes": {"BaseAppException": {"executed_lines": [30, 31, 32, 33, 34], "summary": {"covered_lines": 5, "num_statements": 5, "percent_covered": 100.0, "percent_covered_display": "100", "missing_lines": 0, "excluded_lines": 0, "percent_statements_covered": 100.0, "percent_statements_covered_display": "100"}, "missing_lines": [], "excluded_lines": [], "start_line": 16}, "BusinessException": {"executed_lines": [], "summary": {"covered_lines": 0, "num_statements": 1, "percent_covered": 0.0, "percent_covered_display": "0", "missing_lines": 1, "excluded_lines": 0, "percent_statements_covered": 0.0, "percent_statements_covered_display": "0"}, "missing_lines": [52], "excluded_lines": [], "start_line": 39}, "ResourceNotFoundException": {"executed_lines": [], "summary": {"covered_lines": 0, "num_statements": 7, "percent_covered": 0.0, "percent_covered_display": "0", "missing_lines": 7, "excluded_lines": 0, "percent_statements_covered": 0.0, "percent_statements_covered_display": "0"}, "missing_lines": [73, 74, 75, 77, 78, 79, 81], "excluded_lines": [], "start_line": 60}, "ResourceAlreadyExistsException": {"executed_lines": [], "summary": {"covered_lines": 0, "num_statements": 7, "percent_covered": 0.0, "percent_covered_display": "0", "missing_lines": 7, "excluded_lines": 0, "percent_statements_covered": 0.0, "percent_statements_covered_display": "0"}, "missing_lines": [102, 103, 104, 106, 107, 108, 110], "excluded_lines": [], "start_line": 89}, "PermissionDeniedException": {"executed_lines": [], "summary": {"covered_lines": 0, "num_statements": 1, "percent_covered": 0.0, "percent_covered_display": "0", "missing_lines": 1, "excluded_lines": 0, "percent_statements_covered": 0.0, "percent_statements_covered_display": "0"}, "missing_lines": [130], "excluded_lines": [], "start_line": 118}, "InvalidStateException": {"executed_lines": [], "summary": {"covered_lines": 0, "num_statements": 6, "percent_covered": 0.0, "percent_covered_display": "0", "missing_lines": 6, "excluded_lines": 0, "percent_statements_covered": 0.0, "percent_statements_covered_display": "0"}, "missing_lines": [152, 153, 154, 155, 156, 158], "excluded_lines": [], "start_line": 138}, "ExternalServiceException": {"executed_lines": [], "summary": {"covered_lines": 0, "num_statements": 3, "percent_covered": 0.0, "percent_covered_display": "0", "missing_lines": 3, "excluded_lines": 0, "percent_statements_covered": 0.0, "percent_statements_covered_display": "0"}, "missing_lines": [180, 181, 183], "excluded_lines": [], "start_line": 168}, "ServiceTimeoutException": {"executed_lines": [], "summary": {"covered_lines": 0, "num_statements": 7, "percent_covered": 0.0, "percent_covered_display": "0", "missing_lines": 7, "excluded_lines": 0, "percent_statements_covered": 0.0, "percent_statements_covered_display": "0"}, "missing_lines": [202, 203, 204, 206, 207, 208, 210], "excluded_lines": [], "start_line": 191}, "ServiceUnavailableException": {"executed_lines": [], "summary": {"covered_lines": 0, "num_statements": 1, "percent_covered": 0.0, "percent_covered_display": "0", "missing_lines": 1, "excluded_lines": 0, "percent_statements_covered": 0.0, "percent_statements_covered_display": "0"}, "missing_lines": [228], "excluded_lines": [], "start_line": 218}, "CreatorException": {"executed_lines": [247], "summary": {"covered_lines": 1, "num_statements": 1, "percent_covered": 100.0, "percent_covered_display": "100", "missing_lines": 0, "excluded_lines": 0, "percent_statements_covered": 100.0, "percent_statements_covered_display": "100"}, "missing_lines": [], "excluded_lines": [], "start_line": 238}, "CreatorCLINotFoundException": {"executed_lines": [259], "summary": {"covered_lines": 1, "num_statements": 1, "percent_covered": 100.0, "percent_covered_display": "100", "missing_lines": 0, "excluded_lines": 0, "percent_statements_covered": 100.0, "percent_statements_covered_display": "100"}, "missing_lines": [], "excluded_lines": [], "start_line": 255}, "CreatorTimeoutException": {"executed_lines": [], "summary": {"covered_lines": 0, "num_statements": 1, "percent_covered": 0.0, "percent_covered_display": "0", "missing_lines": 1, "excluded_lines": 0, "percent_statements_covered": 0.0, "percent_statements_covered_display": "0"}, "missing_lines": [270], "excluded_lines": [], "start_line": 266}, "CreatorInvalidResponseException": {"executed_lines": [], "summary": {"covered_lines": 0, "num_statements": 1, "percent_covered": 0.0, "percent_covered_display": "0", "missing_lines": 1, "excluded_lines": 0, "percent_statements_covered": 0.0, "percent_statements_covered_display": "0"}, "missing_lines": [281], "excluded_lines": [], "start_line": 277}, "PublisherException": {"executed_lines": [299], "summary": {"covered_lines": 1, "num_statements": 1, "percent_covered": 100.0, "percent_covered_display": "100", "missing_lines": 0, "excluded_lines": 0, "percent_statements_covered": 100.0, "percent_statements_covered_display": "100"}, "missing_lines": [], "excluded_lines": [], "start_line": 290}, "PublisherTimeoutException": {"executed_lines": [311], "summary": {"covered_lines": 1, "num_statements": 1, "percent_covered": 100.0, "percent_covered_display": "100", "missing_lines": 0, "excluded_lines": 0, "percent_statements_covered": 100.0, "percent_statements_covered_display": "100"}, "missing_lines": [], "excluded_lines": [], "start_line": 307}, "PublisherUnauthorizedException": {"executed_lines": [322], "summary": {"covered_lines": 1, "num_statements": 1, "percent_covered": 100.0, "percent_covered_display": "100", "missing_lines": 0, "excluded_lines": 0, "percent_statements_covered": 100.0, "percent_statements_covered_display": "100"}, "missing_lines": [], "excluded_lines": [], "start_line": 318}, "DatabaseException": {"executed_lines": [], "summary": {"covered_lines": 0, "num_statements": 1, "percent_covered": 0.0, "percent_covered_display": "0", "missing_lines": 1, "excluded_lines": 0, "percent_statements_covered": 0.0, "percent_statements_covered_display": "0"}, "missing_lines": [340], "excluded_lines": [], "start_line": 331}, "FileUploadException": {"executed_lines": [], "summary": {"covered_lines": 0, "num_statements": 1, "percent_covered": 0.0, "percent_covered_display": "0", "missing_lines": 1, "excluded_lines": 0, "percent_statements_covered": 0.0, "percent_statements_covered_display": "0"}, "missing_lines": [358], "excluded_lines": [], "start_line": 350}, "FileSizeExceededException": {"executed_lines": [], "summary": {"covered_lines": 0, "num_statements": 4, "percent_covered": 0.0, "percent_covered_display": "0", "missing_lines": 4, "excluded_lines": 0, "percent_statements_covered": 0.0, "percent_statements_covered_display": "0"}, "missing_lines": [375, 376, 377, 379], "excluded_lines": [], "start_line": 366}, "": {"executed_lines": [4, 5, 6, 7, 8, 10, 11, 16, 23, 39, 46, 60, 67, 89, 96, 118, 125, 138, 145, 168, 173, 191, 196, 218, 223, 238, 241, 255, 258, 266, 269, 277, 280, 290, 293, 307, 310, 318, 321, 331, 334, 350, 353, 366, 369, 393, 405, 417], "summary": {"covered_lines": 48, "num_statements": 54, "percent_covered": 88.88888888888889, "percent_covered_display": "89", "missing_lines": 6, "excluded_lines": 0, "percent_statements_covered": 88.88888888888889, "percent_statements_covered_display": "89"}, "missing_lines": [401, 402, 413, 414, 423, 424], "excluded_lines": [], "start_line": 1}}}, "app/core/middleware.py": {"executed_lines": [5, 6, 7, 8, 9, 10, 12, 15, 21, 37, 43, 81, 87], "summary": {"covered_lines": 13, "num_statements": 35, "percent_covered": 37.142857142857146, "percent_covered_display": "37", "missing_lines": 22, "excluded_lines": 0, "percent_statements_covered": 37.142857142857146, "percent_statements_covered_display": "37"}, "missing_lines": [23, 26, 29, 32, 34, 44, 47, 50, 56, 57, 58, 61, 62, 68, 70, 72, 73, 74, 78, 89, 92, 99], "excluded_lines": [], "functions": {"RequestIDMiddleware.dispatch": {"executed_lines": [], "summary": {"covered_lines": 0, "num_statements": 5, "percent_covered": 0.0, "percent_covered_display": "0", "missing_lines": 5, "excluded_lines": 0, "percent_statements_covered": 0.0, "percent_statements_covered_display": "0"}, "missing_lines": [23, 26, 29, 32, 34], "excluded_lines": [], "start_line": 21}, "RequestLoggingMiddleware.dispatch": {"executed_lines": [], "summary": {"covered_lines": 0, "num_statements": 14, "percent_covered": 0.0, "percent_covered_display": "0", "missing_lines": 14, "excluded_lines": 0, "percent_statements_covered": 0.0, "percent_statements_covered_display": "0"}, "missing_lines": [44, 47, 50, 56, 57, 58, 61, 62, 68, 70, 72, 73, 74, 78], "excluded_lines": [], "start_line": 43}, "ErrorContextMiddleware.dispatch": {"executed_lines": [], "summary": {"covered_lines": 0, "num_statements": 3, "percent_covered": 0.0, "percent_covered_display": "0", "missing_lines": 3, "excluded_lines": 0, "percent_statements_covered": 0.0, "percent_statements_covered_display": "0"}, "missing_lines": [89, 92, 99], "excluded_lines": [], "start_line": 87}, "": {"executed_lines": [5, 6, 7, 8, 9, 10, 12, 15, 21, 37, 43, 81, 87], "summary": {"covered_lines": 13, "num_statements": 13, "percent_covered": 100.0, "percent_covered_display": "100", "missing_lines": 0, "excluded_lines": 0, "percent_statements_covered": 100.0, "percent_statements_covered_display": "100"}, "missing_lines": [], "excluded_lines": [], "start_line": 1}}, "classes": {"RequestIDMiddleware": {"executed_lines": [], "summary": {"covered_lines": 0, "num_statements": 5, "percent_covered": 0.0, "percent_covered_display": "0", "missing_lines": 5, "excluded_lines": 0, "percent_statements_covered": 0.0, "percent_statements_covered_display": "0"}, "missing_lines": [23, 26, 29, 32, 34], "excluded_lines": [], "start_line": 15}, "RequestLoggingMiddleware": {"executed_lines": [], "summary": {"covered_lines": 0, "num_statements": 14, "percent_covered": 0.0, "percent_covered_display": "0", "missing_lines": 14, "excluded_lines": 0, "percent_statements_covered": 0.0, "percent_statements_covered_display": "0"}, "missing_lines": [44, 47, 50, 56, 57, 58, 61, 62, 68, 70, 72, 73, 74, 78], "excluded_lines": [], "start_line": 37}, "ErrorContextMiddleware": {"executed_lines": [], "summary": {"covered_lines": 0, "num_statements": 3, "percent_covered": 0.0, "percent_covered_display": "0", "missing_lines": 3, "excluded_lines": 0, "percent_statements_covered": 0.0, "percent_statements_covered_display": "0"}, "missing_lines": [89, 92, 99], "excluded_lines": [], "start_line": 81}, "": {"executed_lines": [5, 6, 7, 8, 9, 10, 12, 15, 21, 37, 43, 81, 87], "summary": {"covered_lines": 13, "num_statements": 13, "percent_covered": 100.0, "percent_covered_display": "100", "missing_lines": 0, "excluded_lines": 0, "percent_statements_covered": 100.0, "percent_statements_covered_display": "100"}, "missing_lines": [], "excluded_lines": [], "start_line": 1}}}, "app/core/module_registry/__init__.py": {"executed_lines": [], "summary": {"covered_lines": 0, "num_statements": 3, "percent_covered": 0.0, "percent_covered_display": "0", "missing_lines": 3, "excluded_lines": 0, "percent_statements_covered": 0.0, "percent_statements_covered_display": "0"}, "missing_lines": [7, 15, 27], "excluded_lines": [], "functions": {"": {"executed_lines": [], "summary": {"covered_lines": 0, "num_statements": 3, "percent_covered": 0.0, "percent_covered_display": "0", "missing_lines": 3, "excluded_lines": 0, "percent_statements_covered": 0.0, "percent_statements_covered_display": "0"}, "missing_lines": [7, 15, 27], "excluded_lines": [], "start_line": 1}}, "classes": {"": {"executed_lines": [], "summary": {"covered_lines": 0, "num_statements": 3, "percent_covered": 0.0, "percent_covered_display": "0", "missing_lines": 3, "excluded_lines": 0, "percent_statements_covered": 0.0, "percent_statements_covered_display": "0"}, "missing_lines": [7, 15, 27], "excluded_lines": [], "start_line": 1}}}, "app/core/module_registry/models.py": {"executed_lines": [], "summary": {"covered_lines": 0, "num_statements": 123, "percent_covered": 0.0, "percent_covered_display": "0", "missing_lines": 123, "excluded_lines": 0, "percent_statements_covered": 0.0, "percent_statements_covered_display": "0"}, "missing_lines": [7, 8, 9, 10, 11, 13, 16, 18, 19, 22, 25, 26, 27, 28, 29, 32, 35, 42, 43, 44, 45, 46, 47, 48, 50, 59, 67, 68, 70, 71, 73, 75, 84, 92, 93, 95, 96, 98, 100, 102, 103, 105, 106, 108, 110, 111, 112, 113, 114, 116, 118, 119, 120, 121, 122, 123, 124, 126, 128, 129, 130, 131, 132, 133, 134, 136, 138, 139, 140, 142, 143, 145, 146, 147, 148, 150, 151, 152, 154, 155, 156, 158, 159, 160, 162, 163, 169, 171, 173, 174, 175, 176, 183, 185, 187, 212, 214, 222, 223, 224, 225, 226, 229, 230, 231, 232, 233, 235, 238, 270, 273, 274, 275, 284, 285, 286, 295, 296, 298, 301, 303, 306, 308], "excluded_lines": [], "functions": {"ModelVersion.__init__": {"executed_lines": [], "summary": {"covered_lines": 0, "num_statements": 4, "percent_covered": 0.0, "percent_covered_display": "0", "missing_lines": 4, "excluded_lines": 0, "percent_statements_covered": 0.0, "percent_statements_covered_display": "0"}, "missing_lines": [26, 27, 28, 29], "excluded_lines": [], "start_line": 25}, "ModelRegistry.__init__": {"executed_lines": [], "summary": {"covered_lines": 0, "num_statements": 7, "percent_covered": 0.0, "percent_covered_display": "0", "missing_lines": 7, "excluded_lines": 0, "percent_statements_covered": 0.0, "percent_statements_covered_display": "0"}, "missing_lines": [42, 43, 44, 45, 46, 47, 48], "excluded_lines": [], "start_line": 35}, "ModelRegistry.register_sql_model": {"executed_lines": [], "summary": {"covered_lines": 0, "num_statements": 6, "percent_covered": 0.0, "percent_covered_display": "0", "missing_lines": 6, "excluded_lines": 0, "percent_statements_covered": 0.0, "percent_statements_covered_display": "0"}, "missing_lines": [59, 67, 68, 70, 71, 73], "excluded_lines": [], "start_line": 50}, "ModelRegistry.register_mongodb_model": {"executed_lines": [], "summary": {"covered_lines": 0, "num_statements": 6, "percent_covered": 0.0, "percent_covered_display": "0", "missing_lines": 6, "excluded_lines": 0, "percent_statements_covered": 0.0, "percent_statements_covered_display": "0"}, "missing_lines": [84, 92, 93, 95, 96, 98], "excluded_lines": [], "start_line": 75}, "ModelRegistry.add_model_version": {"executed_lines": [], "summary": {"covered_lines": 0, "num_statements": 4, "percent_covered": 0.0, "percent_covered_display": "0", "missing_lines": 4, "excluded_lines": 0, "percent_statements_covered": 0.0, "percent_statements_covered_display": "0"}, "missing_lines": [102, 103, 105, 106], "excluded_lines": [], "start_line": 100}, "ModelRegistry.get_model_version": {"executed_lines": [], "summary": {"covered_lines": 0, "num_statements": 5, "percent_covered": 0.0, "percent_covered_display": "0", "missing_lines": 5, "excluded_lines": 0, "percent_statements_covered": 0.0, "percent_statements_covered_display": "0"}, "missing_lines": [110, 111, 112, 113, 114], "excluded_lines": [], "start_line": 108}, "ModelRegistry.validate_model_data": {"executed_lines": [], "summary": {"covered_lines": 0, "num_statements": 7, "percent_covered": 0.0, "percent_covered_display": "0", "missing_lines": 7, "excluded_lines": 0, "percent_statements_covered": 0.0, "percent_statements_covered_display": "0"}, "missing_lines": [118, 119, 120, 121, 122, 123, 124], "excluded_lines": [], "start_line": 116}, "ModelRegistry.check_model_integrity": {"executed_lines": [], "summary": {"covered_lines": 0, "num_statements": 7, "percent_covered": 0.0, "percent_covered_display": "0", "missing_lines": 7, "excluded_lines": 0, "percent_statements_covered": 0.0, "percent_statements_covered_display": "0"}, "missing_lines": [128, 129, 130, 131, 132, 133, 134], "excluded_lines": [], "start_line": 126}, "ModelRegistry.run_migration": {"executed_lines": [], "summary": {"covered_lines": 0, "num_statements": 27, "percent_covered": 0.0, "percent_covered_display": "0", "missing_lines": 27, "excluded_lines": 0, "percent_statements_covered": 0.0, "percent_statements_covered_display": "0"}, "missing_lines": [138, 139, 140, 142, 143, 145, 146, 147, 148, 150, 151, 152, 154, 155, 156, 158, 159, 160, 162, 163, 169, 171, 173, 174, 175, 176, 183], "excluded_lines": [], "start_line": 136}, "ModelRegistry.get_registry_status": {"executed_lines": [], "summary": {"covered_lines": 0, "num_statements": 1, "percent_covered": 0.0, "percent_covered_display": "0", "missing_lines": 1, "excluded_lines": 0, "percent_statements_covered": 0.0, "percent_statements_covered_display": "0"}, "missing_lines": [187], "excluded_lines": [], "start_line": 185}, "ModelRegistry.validate_all_models": {"executed_lines": [], "summary": {"covered_lines": 0, "num_statements": 12, "percent_covered": 0.0, "percent_covered_display": "0", "missing_lines": 12, "excluded_lines": 0, "percent_statements_covered": 0.0, "percent_statements_covered_display": "0"}, "missing_lines": [214, 222, 223, 224, 225, 226, 229, 230, 231, 232, 233, 235], "excluded_lines": [], "start_line": 212}, "create_model_registry": {"executed_lines": [], "summary": {"covered_lines": 0, "num_statements": 10, "percent_covered": 0.0, "percent_covered_display": "0", "missing_lines": 10, "excluded_lines": 0, "percent_statements_covered": 0.0, "percent_statements_covered_display": "0"}, "missing_lines": [270, 273, 274, 275, 284, 285, 286, 295, 296, 298], "excluded_lines": [], "start_line": 238}, "get_model_registry_status": {"executed_lines": [], "summary": {"covered_lines": 0, "num_statements": 1, "percent_covered": 0.0, "percent_covered_display": "0", "missing_lines": 1, "excluded_lines": 0, "percent_statements_covered": 0.0, "percent_statements_covered_display": "0"}, "missing_lines": [303], "excluded_lines": [], "start_line": 301}, "validate_model_data": {"executed_lines": [], "summary": {"covered_lines": 0, "num_statements": 1, "percent_covered": 0.0, "percent_covered_display": "0", "missing_lines": 1, "excluded_lines": 0, "percent_statements_covered": 0.0, "percent_statements_covered_display": "0"}, "missing_lines": [308], "excluded_lines": [], "start_line": 306}, "": {"executed_lines": [], "summary": {"covered_lines": 0, "num_statements": 25, "percent_covered": 0.0, "percent_covered_display": "0", "missing_lines": 25, "excluded_lines": 0, "percent_statements_covered": 0.0, "percent_statements_covered_display": "0"}, "missing_lines": [7, 8, 9, 10, 11, 13, 16, 18, 19, 22, 25, 32, 35, 50, 75, 100, 108, 116, 126, 136, 185, 212, 238, 301, 306], "excluded_lines": [], "start_line": 1}}, "classes": {"ModelType": {"executed_lines": [], "summary": {"covered_lines": 0, "num_statements": 0, "percent_covered": 100.0, "percent_covered_display": "100", "missing_lines": 0, "excluded_lines": 0, "percent_statements_covered": 100.0, "percent_statements_covered_display": "100"}, "missing_lines": [], "excluded_lines": [], "start_line": 16}, "ModelVersion": {"executed_lines": [], "summary": {"covered_lines": 0, "num_statements": 4, "percent_covered": 0.0, "percent_covered_display": "0", "missing_lines": 4, "excluded_lines": 0, "percent_statements_covered": 0.0, "percent_statements_covered_display": "0"}, "missing_lines": [26, 27, 28, 29], "excluded_lines": [], "start_line": 22}, "ModelRegistry": {"executed_lines": [], "summary": {"covered_lines": 0, "num_statements": 82, "percent_covered": 0.0, "percent_covered_display": "0", "missing_lines": 82, "excluded_lines": 0, "percent_statements_covered": 0.0, "percent_statements_covered_display": "0"}, "missing_lines": [42, 43, 44, 45, 46, 47, 48, 59, 67, 68, 70, 71, 73, 84, 92, 93, 95, 96, 98, 102, 103, 105, 106, 110, 111, 112, 113, 114, 118, 119, 120, 121, 122, 123, 124, 128, 129, 130, 131, 132, 133, 134, 138, 139, 140, 142, 143, 145, 146, 147, 148, 150, 151, 152, 154, 155, 156, 158, 159, 160, 162, 163, 169, 171, 173, 174, 175, 176, 183, 187, 214, 222, 223, 224, 225, 226, 229, 230, 231, 232, 233, 235], "excluded_lines": [], "start_line": 32}, "": {"executed_lines": [], "summary": {"covered_lines": 0, "num_statements": 37, "percent_covered": 0.0, "percent_covered_display": "0", "missing_lines": 37, "excluded_lines": 0, "percent_statements_covered": 0.0, "percent_statements_covered_display": "0"}, "missing_lines": [7, 8, 9, 10, 11, 13, 16, 18, 19, 22, 25, 32, 35, 50, 75, 100, 108, 116, 126, 136, 185, 212, 238, 270, 273, 274, 275, 284, 285, 286, 295, 296, 298, 301, 303, 306, 308], "excluded_lines": [], "start_line": 1}}}, "app/core/module_registry/tasks.py": {"executed_lines": [], "summary": {"covered_lines": 0, "num_statements": 155, "percent_covered": 0.0, "percent_covered_display": "0", "missing_lines": 155, "excluded_lines": 0, "percent_statements_covered": 0.0, "percent_statements_covered_display": "0"}, "missing_lines": [7, 8, 9, 10, 11, 12, 13, 15, 18, 20, 21, 22, 23, 26, 28, 31, 33, 34, 35, 36, 37, 38, 41, 44, 57, 58, 59, 60, 61, 62, 63, 64, 65, 66, 67, 70, 73, 80, 81, 82, 83, 84, 85, 86, 88, 90, 91, 93, 96, 107, 109, 111, 112, 114, 116, 117, 119, 121, 122, 124, 126, 128, 130, 132, 134, 136, 144, 145, 147, 148, 150, 151, 152, 154, 155, 156, 158, 160, 161, 163, 167, 168, 169, 171, 172, 174, 176, 178, 179, 180, 182, 184, 185, 186, 188, 202, 204, 205, 207, 208, 209, 210, 211, 213, 215, 217, 218, 220, 221, 222, 224, 225, 227, 228, 230, 231, 233, 234, 237, 273, 276, 277, 278, 281, 282, 283, 285, 288, 300, 301, 313, 314, 315, 318, 320, 321, 322, 323, 324, 326, 328, 331, 334, 335, 339, 341, 343, 346, 348, 349, 352, 354, 355, 356, 357], "excluded_lines": [], "functions": {"TaskInfo.__init__": {"executed_lines": [], "summary": {"covered_lines": 0, "num_statements": 11, "percent_covered": 0.0, "percent_covered_display": "0", "missing_lines": 11, "excluded_lines": 0, "percent_statements_covered": 0.0, "percent_statements_covered_display": "0"}, "missing_lines": [57, 58, 59, 60, 61, 62, 63, 64, 65, 66, 67], "excluded_lines": [], "start_line": 44}, "TaskRegistry.__init__": {"executed_lines": [], "summary": {"covered_lines": 0, "num_statements": 7, "percent_covered": 0.0, "percent_covered_display": "0", "missing_lines": 7, "excluded_lines": 0, "percent_statements_covered": 0.0, "percent_statements_covered_display": "0"}, "missing_lines": [80, 81, 82, 83, 84, 85, 86], "excluded_lines": [], "start_line": 73}, "TaskRegistry.register_task": {"executed_lines": [], "summary": {"covered_lines": 0, "num_statements": 5, "percent_covered": 0.0, "percent_covered_display": "0", "missing_lines": 5, "excluded_lines": 0, "percent_statements_covered": 0.0, "percent_statements_covered_display": "0"}, "missing_lines": [90, 91, 93, 96, 107], "excluded_lines": [], "start_line": 88}, "TaskRegistry.configure_queue": {"executed_lines": [], "summary": {"covered_lines": 0, "num_statements": 2, "percent_covered": 0.0, "percent_covered_display": "0", "missing_lines": 2, "excluded_lines": 0, "percent_statements_covered": 0.0, "percent_statements_covered_display": "0"}, "missing_lines": [111, 112], "excluded_lines": [], "start_line": 109}, "TaskRegistry.set_retry_policy": {"executed_lines": [], "summary": {"covered_lines": 0, "num_statements": 2, "percent_covered": 0.0, "percent_covered_display": "0", "missing_lines": 2, "excluded_lines": 0, "percent_statements_covered": 0.0, "percent_statements_covered_display": "0"}, "missing_lines": [116, 117], "excluded_lines": [], "start_line": 114}, "TaskRegistry.add_task_dependency": {"executed_lines": [], "summary": {"covered_lines": 0, "num_statements": 2, "percent_covered": 0.0, "percent_covered_display": "0", "missing_lines": 2, "excluded_lines": 0, "percent_statements_covered": 0.0, "percent_statements_covered_display": "0"}, "missing_lines": [121, 122], "excluded_lines": [], "start_line": 119}, "TaskRegistry.get_task_info": {"executed_lines": [], "summary": {"covered_lines": 0, "num_statements": 1, "percent_covered": 0.0, "percent_covered_display": "0", "missing_lines": 1, "excluded_lines": 0, "percent_statements_covered": 0.0, "percent_statements_covered_display": "0"}, "missing_lines": [126], "excluded_lines": [], "start_line": 124}, "TaskRegistry.get_tasks_by_queue": {"executed_lines": [], "summary": {"covered_lines": 0, "num_statements": 1, "percent_covered": 0.0, "percent_covered_display": "0", "missing_lines": 1, "excluded_lines": 0, "percent_statements_covered": 0.0, "percent_statements_covered_display": "0"}, "missing_lines": [130], "excluded_lines": [], "start_line": 128}, "TaskRegistry.get_tasks_by_priority": {"executed_lines": [], "summary": {"covered_lines": 0, "num_statements": 1, "percent_covered": 0.0, "percent_covered_display": "0", "missing_lines": 1, "excluded_lines": 0, "percent_statements_covered": 0.0, "percent_statements_covered_display": "0"}, "missing_lines": [134], "excluded_lines": [], "start_line": 132}, "TaskRegistry.update_task_metrics": {"executed_lines": [], "summary": {"covered_lines": 0, "num_statements": 20, "percent_covered": 0.0, "percent_covered_display": "0", "missing_lines": 20, "excluded_lines": 0, "percent_statements_covered": 0.0, "percent_statements_covered_display": "0"}, "missing_lines": [144, 145, 147, 148, 150, 151, 152, 154, 155, 156, 158, 160, 161, 163, 167, 168, 169, 171, 172, 174], "excluded_lines": [], "start_line": 136}, "TaskRegistry.get_task_metrics": {"executed_lines": [], "summary": {"covered_lines": 0, "num_statements": 3, "percent_covered": 0.0, "percent_covered_display": "0", "missing_lines": 3, "excluded_lines": 0, "percent_statements_covered": 0.0, "percent_statements_covered_display": "0"}, "missing_lines": [178, 179, 180], "excluded_lines": [], "start_line": 176}, "TaskRegistry.get_registry_status": {"executed_lines": [], "summary": {"covered_lines": 0, "num_statements": 4, "percent_covered": 0.0, "percent_covered_display": "0", "missing_lines": 4, "excluded_lines": 0, "percent_statements_covered": 0.0, "percent_statements_covered_display": "0"}, "missing_lines": [184, 185, 186, 188], "excluded_lines": [], "start_line": 182}, "TaskRegistry.validate_dependencies": {"executed_lines": [], "summary": {"covered_lines": 0, "num_statements": 8, "percent_covered": 0.0, "percent_covered_display": "0", "missing_lines": 8, "excluded_lines": 0, "percent_statements_covered": 0.0, "percent_statements_covered_display": "0"}, "missing_lines": [204, 205, 207, 208, 209, 210, 211, 213], "excluded_lines": [], "start_line": 202}, "TaskRegistry.get_task_chain": {"executed_lines": [], "summary": {"covered_lines": 0, "num_statements": 5, "percent_covered": 0.0, "percent_covered_display": "0", "missing_lines": 5, "excluded_lines": 0, "percent_statements_covered": 0.0, "percent_statements_covered_display": "0"}, "missing_lines": [217, 218, 220, 233, 234], "excluded_lines": [], "start_line": 215}, "TaskRegistry.get_task_chain.build_chain": {"executed_lines": [], "summary": {"covered_lines": 0, "num_statements": 8, "percent_covered": 0.0, "percent_covered_display": "0", "missing_lines": 8, "excluded_lines": 0, "percent_statements_covered": 0.0, "percent_statements_covered_display": "0"}, "missing_lines": [221, 222, 224, 225, 227, 228, 230, 231], "excluded_lines": [], "start_line": 220}, "create_task_registry": {"executed_lines": [], "summary": {"covered_lines": 0, "num_statements": 8, "percent_covered": 0.0, "percent_covered_display": "0", "missing_lines": 8, "excluded_lines": 0, "percent_statements_covered": 0.0, "percent_statements_covered_display": "0"}, "missing_lines": [273, 276, 277, 278, 281, 282, 283, 285], "excluded_lines": [], "start_line": 237}, "with_task_info": {"executed_lines": [], "summary": {"covered_lines": 0, "num_statements": 2, "percent_covered": 0.0, "percent_covered_display": "0", "missing_lines": 2, "excluded_lines": 0, "percent_statements_covered": 0.0, "percent_statements_covered_display": "0"}, "missing_lines": [300, 315], "excluded_lines": [], "start_line": 288}, "with_task_info.decorator": {"executed_lines": [], "summary": {"covered_lines": 0, "num_statements": 3, "percent_covered": 0.0, "percent_covered_display": "0", "missing_lines": 3, "excluded_lines": 0, "percent_statements_covered": 0.0, "percent_statements_covered_display": "0"}, "missing_lines": [301, 313, 314], "excluded_lines": [], "start_line": 300}, "with_monitoring": {"executed_lines": [], "summary": {"covered_lines": 0, "num_statements": 3, "percent_covered": 0.0, "percent_covered_display": "0", "missing_lines": 3, "excluded_lines": 0, "percent_statements_covered": 0.0, "percent_statements_covered_display": "0"}, "missing_lines": [320, 321, 349], "excluded_lines": [], "start_line": 318}, "with_monitoring.decorator": {"executed_lines": [], "summary": {"covered_lines": 0, "num_statements": 2, "percent_covered": 0.0, "percent_covered_display": "0", "missing_lines": 2, "excluded_lines": 0, "percent_statements_covered": 0.0, "percent_statements_covered_display": "0"}, "missing_lines": [322, 348], "excluded_lines": [], "start_line": 320}, "with_monitoring.decorator.wrapper": {"executed_lines": [], "summary": {"covered_lines": 0, "num_statements": 11, "percent_covered": 0.0, "percent_covered_display": "0", "missing_lines": 11, "excluded_lines": 0, "percent_statements_covered": 0.0, "percent_statements_covered_display": "0"}, "missing_lines": [323, 324, 326, 328, 331, 334, 335, 339, 341, 343, 346], "excluded_lines": [], "start_line": 322}, "with_dependencies": {"executed_lines": [], "summary": {"covered_lines": 0, "num_statements": 2, "percent_covered": 0.0, "percent_covered_display": "0", "missing_lines": 2, "excluded_lines": 0, "percent_statements_covered": 0.0, "percent_statements_covered_display": "0"}, "missing_lines": [354, 357], "excluded_lines": [], "start_line": 352}, "with_dependencies.decorator": {"executed_lines": [], "summary": {"covered_lines": 0, "num_statements": 2, "percent_covered": 0.0, "percent_covered_display": "0", "missing_lines": 2, "excluded_lines": 0, "percent_statements_covered": 0.0, "percent_statements_covered_display": "0"}, "missing_lines": [355, 356], "excluded_lines": [], "start_line": 354}, "": {"executed_lines": [], "summary": {"covered_lines": 0, "num_statements": 42, "percent_covered": 0.0, "percent_covered_display": "0", "missing_lines": 42, "excluded_lines": 0, "percent_statements_covered": 0.0, "percent_statements_covered_display": "0"}, "missing_lines": [7, 8, 9, 10, 11, 12, 13, 15, 18, 20, 21, 22, 23, 26, 28, 31, 33, 34, 35, 36, 37, 38, 41, 44, 70, 73, 88, 109, 114, 119, 124, 128, 132, 136, 176, 182, 202, 215, 237, 288, 318, 352], "excluded_lines": [], "start_line": 1}}, "classes": {"TaskPriority": {"executed_lines": [], "summary": {"covered_lines": 0, "num_statements": 0, "percent_covered": 100.0, "percent_covered_display": "100", "missing_lines": 0, "excluded_lines": 0, "percent_statements_covered": 100.0, "percent_statements_covered_display": "100"}, "missing_lines": [], "excluded_lines": [], "start_line": 18}, "TaskQueue": {"executed_lines": [], "summary": {"covered_lines": 0, "num_statements": 0, "percent_covered": 100.0, "percent_covered_display": "100", "missing_lines": 0, "excluded_lines": 0, "percent_statements_covered": 100.0, "percent_statements_covered_display": "100"}, "missing_lines": [], "excluded_lines": [], "start_line": 26}, "TaskStatus": {"executed_lines": [], "summary": {"covered_lines": 0, "num_statements": 0, "percent_covered": 100.0, "percent_covered_display": "100", "missing_lines": 0, "excluded_lines": 0, "percent_statements_covered": 100.0, "percent_statements_covered_display": "100"}, "missing_lines": [], "excluded_lines": [], "start_line": 31}, "TaskInfo": {"executed_lines": [], "summary": {"covered_lines": 0, "num_statements": 11, "percent_covered": 0.0, "percent_covered_display": "0", "missing_lines": 11, "excluded_lines": 0, "percent_statements_covered": 0.0, "percent_statements_covered_display": "0"}, "missing_lines": [57, 58, 59, 60, 61, 62, 63, 64, 65, 66, 67], "excluded_lines": [], "start_line": 41}, "TaskRegistry": {"executed_lines": [], "summary": {"covered_lines": 0, "num_statements": 69, "percent_covered": 0.0, "percent_covered_display": "0", "missing_lines": 69, "excluded_lines": 0, "percent_statements_covered": 0.0, "percent_statements_covered_display": "0"}, "missing_lines": [80, 81, 82, 83, 84, 85, 86, 90, 91, 93, 96, 107, 111, 112, 116, 117, 121, 122, 126, 130, 134, 144, 145, 147, 148, 150, 151, 152, 154, 155, 156, 158, 160, 161, 163, 167, 168, 169, 171, 172, 174, 178, 179, 180, 184, 185, 186, 188, 204, 205, 207, 208, 209, 210, 211, 213, 217, 218, 220, 221, 222, 224, 225, 227, 228, 230, 231, 233, 234], "excluded_lines": [], "start_line": 70}, "": {"executed_lines": [], "summary": {"covered_lines": 0, "num_statements": 75, "percent_covered": 0.0, "percent_covered_display": "0", "missing_lines": 75, "excluded_lines": 0, "percent_statements_covered": 0.0, "percent_statements_covered_display": "0"}, "missing_lines": [7, 8, 9, 10, 11, 12, 13, 15, 18, 20, 21, 22, 23, 26, 28, 31, 33, 34, 35, 36, 37, 38, 41, 44, 70, 73, 88, 109, 114, 119, 124, 128, 132, 136, 176, 182, 202, 215, 237, 273, 276, 277, 278, 281, 282, 283, 285, 288, 300, 301, 313, 314, 315, 318, 320, 321, 322, 323, 324, 326, 328, 331, 334, 335, 339, 341, 343, 346, 348, 349, 352, 354, 355, 356, 357], "excluded_lines": [], "start_line": 1}}}, "app/core/module_system/__init__.py": {"executed_lines": [], "summary": {"covered_lines": 0, "num_statements": 0, "percent_covered": 100.0, "percent_covered_display": "100", "missing_lines": 0, "excluded_lines": 0, "percent_statements_covered": 100.0, "percent_statements_covered_display": "100"}, "missing_lines": [], "excluded_lines": [], "functions": {"": {"executed_lines": [], "summary": {"covered_lines": 0, "num_statements": 0, "percent_covered": 100.0, "percent_covered_display": "100", "missing_lines": 0, "excluded_lines": 0, "percent_statements_covered": 100.0, "percent_statements_covered_display": "100"}, "missing_lines": [], "excluded_lines": [], "start_line": 1}}, "classes": {"": {"executed_lines": [], "summary": {"covered_lines": 0, "num_statements": 0, "percent_covered": 100.0, "percent_covered_display": "100", "missing_lines": 0, "excluded_lines": 0, "percent_statements_covered": 100.0, "percent_statements_covered_display": "100"}, "missing_lines": [], "excluded_lines": [], "start_line": 1}}}, "app/core/module_system/loader.py": {"executed_lines": [1, 3, 4, 5, 7, 9, 10, 13, 14, 15, 16, 18, 20, 21, 22, 27, 28, 32, 36, 37, 38, 40, 41, 44, 53], "summary": {"covered_lines": 25, "num_statements": 44, "percent_covered": 56.81818181818182, "percent_covered_display": "57", "missing_lines": 19, "excluded_lines": 0, "percent_statements_covered": 56.81818181818182, "percent_statements_covered_display": "57"}, "missing_lines": [23, 24, 25, 29, 30, 33, 34, 45, 46, 47, 48, 49, 50, 54, 55, 56, 57, 58, 59], "excluded_lines": [], "functions": {"load_modules": {"executed_lines": [14, 15, 16, 18, 20, 21, 22, 27, 28, 32, 36, 37, 38, 40, 41], "summary": {"covered_lines": 15, "num_statements": 22, "percent_covered": 68.18181818181819, "percent_covered_display": "68", "missing_lines": 7, "excluded_lines": 0, "percent_statements_covered": 68.18181818181819, "percent_statements_covered_display": "68"}, "missing_lines": [23, 24, 25, 29, 30, 33, 34], "excluded_lines": [], "start_line": 13}, "run_startup": {"executed_lines": [], "summary": {"covered_lines": 0, "num_statements": 6, "percent_covered": 0.0, "percent_covered_display": "0", "missing_lines": 6, "excluded_lines": 0, "percent_statements_covered": 0.0, "percent_statements_covered_display": "0"}, "missing_lines": [45, 46, 47, 48, 49, 50], "excluded_lines": [], "start_line": 44}, "run_shutdown": {"executed_lines": [], "summary": {"covered_lines": 0, "num_statements": 6, "percent_covered": 0.0, "percent_covered_display": "0", "missing_lines": 6, "excluded_lines": 0, "percent_statements_covered": 0.0, "percent_statements_covered_display": "0"}, "missing_lines": [54, 55, 56, 57, 58, 59], "excluded_lines": [], "start_line": 53}, "": {"executed_lines": [1, 3, 4, 5, 7, 9, 10, 13, 44, 53], "summary": {"covered_lines": 10, "num_statements": 10, "percent_covered": 100.0, "percent_covered_display": "100", "missing_lines": 0, "excluded_lines": 0, "percent_statements_covered": 100.0, "percent_statements_covered_display": "100"}, "missing_lines": [], "excluded_lines": [], "start_line": 1}}, "classes": {"": {"executed_lines": [1, 3, 4, 5, 7, 9, 10, 13, 14, 15, 16, 18, 20, 21, 22, 27, 28, 32, 36, 37, 38, 40, 41, 44, 53], "summary": {"covered_lines": 25, "num_statements": 44, "percent_covered": 56.81818181818182, "percent_covered_display": "57", "missing_lines": 19, "excluded_lines": 0, "percent_statements_covered": 56.81818181818182, "percent_statements_covered_display": "57"}, "missing_lines": [23, 24, 25, 29, 30, 33, 34, 45, 46, 47, 48, 49, 50, 54, 55, 56, 57, 58, 59], "excluded_lines": [], "start_line": 1}}}, "app/core/module_system/module.py": {"executed_lines": [1, 3, 4, 6, 9, 10, 13, 14, 15, 16, 17, 18], "summary": {"covered_lines": 12, "num_statements": 12, "percent_covered": 100.0, "percent_covered_display": "100", "missing_lines": 0, "excluded_lines": 0, "percent_statements_covered": 100.0, "percent_statements_covered_display": "100"}, "missing_lines": [], "excluded_lines": [], "functions": {"": {"executed_lines": [1, 3, 4, 6, 9, 10, 13, 14, 15, 16, 17, 18], "summary": {"covered_lines": 12, "num_statements": 12, "percent_covered": 100.0, "percent_covered_display": "100", "missing_lines": 0, "excluded_lines": 0, "percent_statements_covered": 100.0, "percent_statements_covered_display": "100"}, "missing_lines": [], "excluded_lines": [], "start_line": 1}}, "classes": {"Module": {"executed_lines": [], "summary": {"covered_lines": 0, "num_statements": 0, "percent_covered": 100.0, "percent_covered_display": "100", "missing_lines": 0, "excluded_lines": 0, "percent_statements_covered": 100.0, "percent_statements_covered_display": "100"}, "missing_lines": [], "excluded_lines": [], "start_line": 14}, "": {"executed_lines": [1, 3, 4, 6, 9, 10, 13, 14, 15, 16, 17, 18], "summary": {"covered_lines": 12, "num_statements": 12, "percent_covered": 100.0, "percent_covered_display": "100", "missing_lines": 0, "excluded_lines": 0, "percent_statements_covered": 100.0, "percent_statements_covered_display": "100"}, "missing_lines": [], "excluded_lines": [], "start_line": 1}}}, "app/core/permissions.py": {"executed_lines": [5, 6, 7, 9, 10, 13, 17, 18, 19, 20, 23, 24, 25, 26, 27, 30, 31, 32, 35, 36, 37, 38, 39, 42, 43, 46, 47, 48, 49, 52, 53, 54, 55, 58, 59, 60, 61, 64, 65, 68, 69, 70, 71, 74, 75, 76, 77, 81, 156, 166, 169, 179, 182, 193, 194, 196, 197, 200, 211, 214, 215, 218, 229, 232, 243, 246, 259, 260, 261, 263, 264, 265, 270, 271, 276, 278, 280, 283, 296, 297, 298, 300, 301, 307, 308, 310, 311, 316, 318, 320, 323, 336, 337, 338, 340, 341, 342, 347, 348, 353, 355, 357], "summary": {"covered_lines": 102, "num_statements": 104, "percent_covered": 98.07692307692308, "percent_covered_display": "98", "missing_lines": 2, "excluded_lines": 3, "percent_statements_covered": 98.07692307692308, "percent_statements_covered_display": "98"}, "missing_lines": [212, 302], "excluded_lines": [247, 284, 324], "functions": {"get_role_permissions": {"executed_lines": [166], "summary": {"covered_lines": 1, "num_statements": 1, "percent_covered": 100.0, "percent_covered_display": "100", "missing_lines": 0, "excluded_lines": 0, "percent_statements_covered": 100.0, "percent_statements_covered_display": "100"}, "missing_lines": [], "excluded_lines": [], "start_line": 156}, "get_user_permissions": {"executed_lines": [179], "summary": {"covered_lines": 1, "num_statements": 1, "percent_covered": 100.0, "percent_covered_display": "100", "missing_lines": 0, "excluded_lines": 0, "percent_statements_covered": 100.0, "percent_statements_covered_display": "100"}, "missing_lines": [], "excluded_lines": [], "start_line": 169}, "has_permission": {"executed_lines": [193, 194, 196, 197], "summary": {"covered_lines": 4, "num_statements": 4, "percent_covered": 100.0, "percent_covered_display": "100", "missing_lines": 0, "excluded_lines": 0, "percent_statements_covered": 100.0, "percent_statements_covered_display": "100"}, "missing_lines": [], "excluded_lines": [], "start_line": 182}, "has_any_permission": {"executed_lines": [211, 214, 215], "summary": {"covered_lines": 3, "num_statements": 4, "percent_covered": 75.0, "percent_covered_display": "75", "missing_lines": 1, "excluded_lines": 0, "percent_statements_covered": 75.0, "percent_statements_covered_display": "75"}, "missing_lines": [212], "excluded_lines": [], "start_line": 200}, "has_role": {"executed_lines": [229], "summary": {"covered_lines": 1, "num_statements": 1, "percent_covered": 100.0, "percent_covered_display": "100", "missing_lines": 0, "excluded_lines": 0, "percent_statements_covered": 100.0, "percent_statements_covered_display": "100"}, "missing_lines": [], "excluded_lines": [], "start_line": 218}, "has_any_role": {"executed_lines": [243], "summary": {"covered_lines": 1, "num_statements": 1, "percent_covered": 100.0, "percent_covered_display": "100", "missing_lines": 0, "excluded_lines": 0, "percent_statements_covered": 100.0, "percent_statements_covered_display": "100"}, "missing_lines": [], "excluded_lines": [], "start_line": 232}, "require_permission": {"executed_lines": [259, 260, 280], "summary": {"covered_lines": 3, "num_statements": 3, "percent_covered": 100.0, "percent_covered_display": "100", "missing_lines": 0, "excluded_lines": 1, "percent_statements_covered": 100.0, "percent_statements_covered_display": "100"}, "missing_lines": [], "excluded_lines": [247], "start_line": 246}, "require_permission.decorator": {"executed_lines": [261, 278], "summary": {"covered_lines": 2, "num_statements": 2, "percent_covered": 100.0, "percent_covered_display": "100", "missing_lines": 0, "excluded_lines": 0, "percent_statements_covered": 100.0, "percent_statements_covered_display": "100"}, "missing_lines": [], "excluded_lines": [], "start_line": 259}, "require_permission.decorator.wrapper": {"executed_lines": [263, 264, 265, 270, 271, 276], "summary": {"covered_lines": 6, "num_statements": 6, "percent_covered": 100.0, "percent_covered_display": "100", "missing_lines": 0, "excluded_lines": 0, "percent_statements_covered": 100.0, "percent_statements_covered_display": "100"}, "missing_lines": [], "excluded_lines": [], "start_line": 261}, "require_all_permissions": {"executed_lines": [296, 297, 320], "summary": {"covered_lines": 3, "num_statements": 3, "percent_covered": 100.0, "percent_covered_display": "100", "missing_lines": 0, "excluded_lines": 1, "percent_statements_covered": 100.0, "percent_statements_covered_display": "100"}, "missing_lines": [], "excluded_lines": [284], "start_line": 283}, "require_all_permissions.decorator": {"executed_lines": [298, 318], "summary": {"covered_lines": 2, "num_statements": 2, "percent_covered": 100.0, "percent_covered_display": "100", "missing_lines": 0, "excluded_lines": 0, "percent_statements_covered": 100.0, "percent_statements_covered_display": "100"}, "missing_lines": [], "excluded_lines": [], "start_line": 296}, "require_all_permissions.decorator.wrapper": {"executed_lines": [300, 301, 307, 308, 310, 311, 316], "summary": {"covered_lines": 7, "num_statements": 8, "percent_covered": 87.5, "percent_covered_display": "88", "missing_lines": 1, "excluded_lines": 0, "percent_statements_covered": 87.5, "percent_statements_covered_display": "88"}, "missing_lines": [302], "excluded_lines": [], "start_line": 298}, "require_role": {"executed_lines": [336, 337, 357], "summary": {"covered_lines": 3, "num_statements": 3, "percent_covered": 100.0, "percent_covered_display": "100", "missing_lines": 0, "excluded_lines": 1, "percent_statements_covered": 100.0, "percent_statements_covered_display": "100"}, "missing_lines": [], "excluded_lines": [324], "start_line": 323}, "require_role.decorator": {"executed_lines": [338, 355], "summary": {"covered_lines": 2, "num_statements": 2, "percent_covered": 100.0, "percent_covered_display": "100", "missing_lines": 0, "excluded_lines": 0, "percent_statements_covered": 100.0, "percent_statements_covered_display": "100"}, "missing_lines": [], "excluded_lines": [], "start_line": 336}, "require_role.decorator.wrapper": {"executed_lines": [340, 341, 342, 347, 348, 353], "summary": {"covered_lines": 6, "num_statements": 6, "percent_covered": 100.0, "percent_covered_display": "100", "missing_lines": 0, "excluded_lines": 0, "percent_statements_covered": 100.0, "percent_statements_covered_display": "100"}, "missing_lines": [], "excluded_lines": [], "start_line": 338}, "": {"executed_lines": [5, 6, 7, 9, 10, 13, 17, 18, 19, 20, 23, 24, 25, 26, 27, 30, 31, 32, 35, 36, 37, 38, 39, 42, 43, 46, 47, 48, 49, 52, 53, 54, 55, 58, 59, 60, 61, 64, 65, 68, 69, 70, 71, 74, 75, 76, 77, 81, 156, 169, 182, 200, 218, 232, 246, 283, 323], "summary": {"covered_lines": 57, "num_statements": 57, "percent_covered": 100.0, "percent_covered_display": "100", "missing_lines": 0, "excluded_lines": 0, "percent_statements_covered": 100.0, "percent_statements_covered_display": "100"}, "missing_lines": [], "excluded_lines": [], "start_line": 1}}, "classes": {"Permission": {"executed_lines": [], "summary": {"covered_lines": 0, "num_statements": 0, "percent_covered": 100.0, "percent_covered_display": "100", "missing_lines": 0, "excluded_lines": 0, "percent_statements_covered": 100.0, "percent_statements_covered_display": "100"}, "missing_lines": [], "excluded_lines": [], "start_line": 13}, "": {"executed_lines": [5, 6, 7, 9, 10, 13, 17, 18, 19, 20, 23, 24, 25, 26, 27, 30, 31, 32, 35, 36, 37, 38, 39, 42, 43, 46, 47, 48, 49, 52, 53, 54, 55, 58, 59, 60, 61, 64, 65, 68, 69, 70, 71, 74, 75, 76, 77, 81, 156, 166, 169, 179, 182, 193, 194, 196, 197, 200, 211, 214, 215, 218, 229, 232, 243, 246, 259, 260, 261, 263, 264, 265, 270, 271, 276, 278, 280, 283, 296, 297, 298, 300, 301, 307, 308, 310, 311, 316, 318, 320, 323, 336, 337, 338, 340, 341, 342, 347, 348, 353, 355, 357], "summary": {"covered_lines": 102, "num_statements": 104, "percent_covered": 98.07692307692308, "percent_covered_display": "98", "missing_lines": 2, "excluded_lines": 3, "percent_statements_covered": 98.07692307692308, "percent_statements_covered_display": "98"}, "missing_lines": [212, 302], "excluded_lines": [247, 284, 324], "start_line": 1}}}, "app/core/security.py": {"executed_lines": [1, 2, 3, 5, 6, 7, 9, 12, 18, 23, 24, 25, 28, 34, 35, 38, 44, 45, 48, 58, 62, 64, 65, 66, 69, 73, 74, 75, 78, 79, 80, 83, 84, 85, 88, 92, 93, 94, 95, 98, 102, 103, 104, 105, 108, 118, 122], "summary": {"covered_lines": 47, "num_statements": 54, "percent_covered": 87.03703703703704, "percent_covered_display": "87", "missing_lines": 7, "excluded_lines": 0, "percent_statements_covered": 87.03703703703704, "percent_statements_covered_display": "87"}, "missing_lines": [54, 55, 63, 112, 113, 114, 115], "excluded_lines": [], "functions": {"_create_token": {"executed_lines": [23, 24, 25], "summary": {"covered_lines": 3, "num_statements": 3, "percent_covered": 100.0, "percent_covered_display": "100", "missing_lines": 0, "excluded_lines": 0, "percent_statements_covered": 100.0, "percent_statements_covered_display": "100"}, "missing_lines": [], "excluded_lines": [], "start_line": 18}, "create_access_token": {"executed_lines": [34, 35], "summary": {"covered_lines": 2, "num_statements": 2, "percent_covered": 100.0, "percent_covered_display": "100", "missing_lines": 0, "excluded_lines": 0, "percent_statements_covered": 100.0, "percent_statements_covered_display": "100"}, "missing_lines": [], "excluded_lines": [], "start_line": 28}, "create_refresh_token": {"executed_lines": [44, 45], "summary": {"covered_lines": 2, "num_statements": 2, "percent_covered": 100.0, "percent_covered_display": "100", "missing_lines": 0, "excluded_lines": 0, "percent_statements_covered": 100.0, "percent_statements_covered_display": "100"}, "missing_lines": [], "excluded_lines": [], "start_line": 38}, "create_reset_token": {"executed_lines": [], "summary": {"covered_lines": 0, "num_statements": 2, "percent_covered": 0.0, "percent_covered_display": "0", "missing_lines": 2, "excluded_lines": 0, "percent_statements_covered": 0.0, "percent_statements_covered_display": "0"}, "missing_lines": [54, 55], "excluded_lines": [], "start_line": 48}, "verify_password": {"executed_lines": [62, 64, 65, 66], "summary": {"covered_lines": 4, "num_statements": 5, "percent_covered": 80.0, "percent_covered_display": "80", "missing_lines": 1, "excluded_lines": 0, "percent_statements_covered": 80.0, "percent_statements_covered_display": "80"}, "missing_lines": [63], "excluded_lines": [], "start_line": 58}, "get_password_hash": {"executed_lines": [73, 74, 75], "summary": {"covered_lines": 3, "num_statements": 3, "percent_covered": 100.0, "percent_covered_display": "100", "missing_lines": 0, "excluded_lines": 0, "percent_statements_covered": 100.0, "percent_statements_covered_display": "100"}, "missing_lines": [], "excluded_lines": [], "start_line": 69}, "decode_token": {"executed_lines": [79, 80, 83, 84, 85], "summary": {"covered_lines": 5, "num_statements": 5, "percent_covered": 100.0, "percent_covered_display": "100", "missing_lines": 0, "excluded_lines": 0, "percent_statements_covered": 100.0, "percent_statements_covered_display": "100"}, "missing_lines": [], "excluded_lines": [], "start_line": 78}, "decode_access_token": {"executed_lines": [92, 93, 94, 95], "summary": {"covered_lines": 4, "num_statements": 4
[...]
ing_lines": 6, "excluded_lines": 0, "percent_statements_covered": 40.0, "percent_statements_covered_display": "40"}, "missing_lines": [42, 48, 52, 62, 63, 64], "excluded_lines": [], "start_line": 33}, "InterceptHandler.emit": {"executed_lines": [142, 143, 148, 149, 153], "summary": {"covered_lines": 5, "num_statements": 9, "percent_covered": 55.55555555555556, "percent_covered_display": "56", "missing_lines": 4, "excluded_lines": 0, "percent_statements_covered": 55.55555555555556, "percent_statements_covered_display": "56"}, "missing_lines": [144, 145, 150, 151], "excluded_lines": [], "start_line": 140}, "": {"executed_lines": [1, 2, 3, 4, 6, 8, 11, 14, 20, 29, 33, 70, 71, 81, 92, 107, 108, 123, 139, 140, 159, 163, 165, 169, 177, 178, 179, 180, 182, 183, 184, 185, 188, 189, 190, 191, 192, 193, 194, 195, 196, 197, 198, 201], "summary": {"covered_lines": 44, "num_statements": 53, "percent_covered": 83.01886792452831, "percent_covered_display": "83", "missing_lines": 9, "excluded_lines": 0, "percent_statements_covered": 83.01886792452831, "percent_statements_covered_display": "83"}, "missing_lines": [74, 75, 78, 124, 125, 171, 172, 173, 174], "excluded_lines": [], "start_line": 1}}, "classes": {"InterceptHandler": {"executed_lines": [142, 143, 148, 149, 153], "summary": {"covered_lines": 5, "num_statements": 9, "percent_covered": 55.55555555555556, "percent_covered_display": "56", "missing_lines": 4, "excluded_lines": 0, "percent_statements_covered": 55.55555555555556, "percent_statements_covered_display": "56"}, "missing_lines": [144, 145, 150, 151], "excluded_lines": [], "start_line": 139}, "": {"executed_lines": [1, 2, 3, 4, 6, 8, 11, 14, 20, 29, 33, 41, 45, 51, 66, 70, 71, 81, 92, 107, 108, 123, 139, 140, 159, 163, 165, 169, 177, 178, 179, 180, 182, 183, 184, 185, 188, 189, 190, 191, 192, 193, 194, 195, 196, 197, 198, 201], "summary": {"covered_lines": 48, "num_statements": 63, "percent_covered": 76.19047619047619, "percent_covered_display": "76", "missing_lines": 15, "excluded_lines": 0, "percent_statements_covered": 76.19047619047619, "percent_statements_covered_display": "76"}, "missing_lines": [42, 48, 52, 62, 63, 64, 74, 75, 78, 124, 125, 171, 172, 173, 174], "excluded_lines": [], "start_line": 1}}}, "app/utils/pagination.py": {"executed_lines": [], "summary": {"covered_lines": 0, "num_statements": 22, "percent_covered": 0.0, "percent_covered_display": "0", "missing_lines": 22, "excluded_lines": 0, "percent_statements_covered": 0.0, "percent_statements_covered_display": "0"}, "missing_lines": [1, 3, 4, 6, 8, 11, 16, 23, 24, 25, 28, 29, 35, 40, 41, 42, 43, 44, 46, 47, 53, 54], "excluded_lines": [], "functions": {"PaginationParams.__init__": {"executed_lines": [], "summary": {"covered_lines": 0, "num_statements": 5, "percent_covered": 0.0, "percent_covered_display": "0", "missing_lines": 5, "excluded_lines": 0, "percent_statements_covered": 0.0, "percent_statements_covered_display": "0"}, "missing_lines": [23, 24, 25, 28, 29], "excluded_lines": [], "start_line": 16}, "PaginatedResponse.create": {"executed_lines": [], "summary": {"covered_lines": 0, "num_statements": 2, "percent_covered": 0.0, "percent_covered_display": "0", "missing_lines": 2, "excluded_lines": 0, "percent_statements_covered": 0.0, "percent_statements_covered_display": "0"}, "missing_lines": [53, 54], "excluded_lines": [], "start_line": 47}, "": {"executed_lines": [], "summary": {"covered_lines": 0, "num_statements": 15, "percent_covered": 0.0, "percent_covered_display": "0", "missing_lines": 15, "excluded_lines": 0, "percent_statements_covered": 0.0, "percent_statements_covered_display": "0"}, "missing_lines": [1, 3, 4, 6, 8, 11, 16, 35, 40, 41, 42, 43, 44, 46, 47], "excluded_lines": [], "start_line": 1}}, "classes": {"PaginationParams": {"executed_lines": [], "summary": {"covered_lines": 0, "num_statements": 5, "percent_covered": 0.0, "percent_covered_display": "0", "missing_lines": 5, "excluded_lines": 0, "percent_statements_covered": 0.0, "percent_statements_covered_display": "0"}, "missing_lines": [23, 24, 25, 28, 29], "excluded_lines": [], "start_line": 11}, "PaginatedResponse": {"executed_lines": [], "summary": {"covered_lines": 0, "num_statements": 2, "percent_covered": 0.0, "percent_covered_display": "0", "missing_lines": 2, "excluded_lines": 0, "percent_statements_covered": 0.0, "percent_statements_covered_display": "0"}, "missing_lines": [53, 54], "excluded_lines": [], "start_line": 35}, "": {"executed_lines": [], "summary": {"covered_lines": 0, "num_statements": 15, "percent_covered": 0.0, "percent_covered_display": "0", "missing_lines": 15, "excluded_lines": 0, "percent_statements_covered": 0.0, "percent_statements_covered_display": "0"}, "missing_lines": [1, 3, 4, 6, 8, 11, 16, 35, 40, 41, 42, 43, 44, 46, 47], "excluded_lines": [], "start_line": 1}}}, "app/utils/rate_limiter.py": {"executed_lines": [], "summary": {"covered_lines": 0, "num_statements": 500, "percent_covered": 0.0, "percent_covered_display": "0", "missing_lines": 500, "excluded_lines": 0, "percent_statements_covered": 0.0, "percent_statements_covered_display": "0"}, "missing_lines": [1, 2, 3, 4, 5, 6, 8, 10, 13, 31, 33, 34, 43, 44, 47, 48, 50, 61, 62, 63, 64, 65, 68, 72, 77, 78, 80, 81, 84, 85, 86, 89, 90, 91, 94, 95, 96, 97, 98, 99, 100, 101, 102, 103, 104, 107, 115, 118, 119, 121, 125, 128, 131, 133, 134, 135, 136, 139, 140, 141, 142, 143, 146, 147, 148, 151, 152, 153, 154, 157, 158, 159, 162, 164, 165, 166, 167, 170, 171, 173, 174, 175, 177, 180, 181, 184, 185, 186, 188, 189, 190, 192, 196, 197, 198, 200, 202, 205, 206, 211, 212, 213, 214, 215, 218, 219, 221, 222, 223, 225, 226, 227, 228, 229, 233, 236, 239, 240, 242, 245, 248, 251, 252, 253, 254, 256, 259, 260, 262, 271, 274, 275, 276, 277, 279, 281, 283, 285, 286, 287, 288, 289, 290, 293, 294, 295, 296, 300, 305, 306, 309, 310, 312, 313, 316, 318, 319, 320, 322, 324, 325, 330, 331, 332, 335, 336, 339, 342, 343, 344, 345, 346, 349, 353, 356, 358, 359, 362, 363, 364, 365, 369, 370, 372, 373, 375, 384, 388, 389, 391, 392, 401, 402, 403, 407, 408, 409, 412, 414, 416, 417, 418, 419, 421, 425, 430, 431, 432, 435, 438, 443, 444, 447, 452, 456, 458, 460, 461, 463, 464, 466, 467, 469, 472, 473, 474, 475, 476, 477, 479, 482, 484, 485, 487, 488, 489, 490, 492, 493, 495, 499, 502, 504, 507, 508, 510, 512, 514, 515, 516, 517, 518, 521, 524, 527, 529, 532, 533, 534, 536, 539, 541, 542, 544, 545, 546, 547, 549, 550, 551, 553, 555, 558, 561, 564, 567, 570, 572, 575, 576, 577, 579, 581, 583, 584, 587, 588, 589, 590, 591, 593, 594, 596, 597, 601, 602, 603, 605, 609, 610, 612, 614, 631, 632, 633, 636, 637, 639, 640, 642, 643, 646, 672, 673, 674, 675, 677, 679, 682, 683, 684, 685, 686, 687, 690, 691, 692, 694, 695, 696, 697, 699, 700, 702, 703, 704, 705, 706, 707, 708, 709, 710, 713, 716, 717, 718, 719, 722, 723, 724, 725, 726, 727, 729, 738, 740, 742, 751, 771, 773, 774, 776, 777, 778, 779, 783, 784, 785, 786, 789, 791, 792, 797, 798, 799, 800, 802, 803, 805, 806, 807, 808, 809, 812, 813, 814, 817, 819, 823, 828, 829, 830, 831, 833, 834, 836, 837, 838, 839, 840, 843, 844, 845, 848, 850, 854, 859, 860, 861, 862, 863, 864, 865, 866, 867, 868, 874, 875, 877, 878, 879, 880, 881, 883, 884, 886, 888, 889, 890, 891, 892, 893, 896, 898, 899, 900, 901, 902, 903, 904, 905, 908, 910, 911, 916, 917, 918, 924, 925, 927, 929, 930, 931, 932, 933, 934, 937, 939, 940, 941, 942, 943, 944, 945, 946, 949, 951, 952, 957, 958, 959, 965, 966, 967, 969, 971, 972, 973, 974, 975, 976, 977, 978, 980, 983, 985, 986, 987, 988, 989, 990, 991, 992, 995, 997, 998, 1003, 1004, 1005, 1012], "excluded_lines": [], "functions": {"RateLimiter.get_instance": {"executed_lines": [], "summary": {"covered_lines": 0, "num_statements": 4, "percent_covered": 0.0, "percent_covered_display": "0", "missing_lines": 4, "excluded_lines": 0, "percent_statements_covered": 0.0, "percent_statements_covered_display": "0"}, "missing_lines": [43, 44, 47, 48], "excluded_lines": [], "start_line": 34}, "RateLimiter.__init__": {"executed_lines": [], "summary": {"covered_lines": 0, "num_statements": 33, "percent_covered": 0.0, "percent_covered_display": "0", "missing_lines": 33, "excluded_lines": 0, "percent_statements_covered": 0.0, "percent_statements_covered_display": "0"}, "missing_lines": [61, 62, 63, 64, 65, 68, 72, 77, 78, 80, 81, 84, 85, 86, 89, 90, 91, 94, 95, 96, 97, 98, 99, 100, 101, 102, 103, 104, 107, 115, 118, 119, 121], "excluded_lines": [], "start_line": 50}, "RateLimiter.acquire": {"executed_lines": [], "summary": {"covered_lines": 0, "num_statements": 63, "percent_covered": 0.0, "percent_covered_display": "0", "missing_lines": 63, "excluded_lines": 0, "percent_statements_covered": 0.0, "percent_statements_covered_display": "0"}, "missing_lines": [128, 131, 133, 134, 135, 136, 139, 140, 141, 142, 143, 146, 147, 148, 151, 152, 153, 154, 157, 158, 159, 162, 164, 165, 166, 167, 170, 171, 173, 174, 175, 177, 180, 181, 184, 185, 186, 188, 189, 190, 192, 196, 197, 198, 200, 202, 205, 206, 211, 212, 213, 214, 215, 218, 219, 221, 222, 223, 225, 226, 227, 228, 229], "excluded_lines": [], "start_line": 125}, "RateLimiter.release": {"executed_lines": [], "summary": {"covered_lines": 0, "num_statements": 3, "percent_covered": 0.0, "percent_covered_display": "0", "missing_lines": 3, "excluded_lines": 0, "percent_statements_covered": 0.0, "percent_statements_covered_display": "0"}, "missing_lines": [236, 239, 240], "excluded_lines": [], "start_line": 233}, "RateLimiter.report_success": {"executed_lines": [], "summary": {"covered_lines": 0, "num_statements": 9, "percent_covered": 0.0, "percent_covered_display": "0", "missing_lines": 9, "excluded_lines": 0, "percent_statements_covered": 0.0, "percent_statements_covered_display": "0"}, "missing_lines": [245, 248, 251, 252, 253, 254, 256, 259, 260], "excluded_lines": [], "start_line": 242}, "RateLimiter.report_error": {"executed_lines": [], "summary": {"covered_lines": 0, "num_statements": 56, "percent_covered": 0.0, "percent_covered_display": "0", "missing_lines": 56, "excluded_lines": 0, "percent_statements_covered": 0.0, "percent_statements_covered_display": "0"}, "missing_lines": [271, 274, 275, 276, 277, 279, 281, 283, 285, 286, 287, 288, 289, 290, 293, 294, 295, 296, 300, 305, 306, 309, 310, 312, 313, 316, 318, 319, 320, 322, 324, 325, 330, 331, 332, 335, 336, 339, 342, 343, 344, 345, 346, 349, 353, 356, 358, 359, 362, 363, 364, 365, 369, 370, 372, 373], "excluded_lines": [], "start_line": 262}, "RateLimiter._maybe_adjust_rate": {"executed_lines": [], "summary": {"covered_lines": 0, "num_statements": 43, "percent_covered": 0.0, "percent_covered_display": "0", "missing_lines": 43, "excluded_lines": 0, "percent_statements_covered": 0.0, "percent_statements_covered_display": "0"}, "missing_lines": [384, 388, 389, 391, 392, 401, 402, 403, 407, 408, 409, 412, 414, 416, 417, 418, 419, 421, 425, 430, 431, 432, 435, 438, 443, 444, 447, 452, 456, 458, 460, 461, 463, 464, 466, 467, 469, 472, 473, 474, 475, 476, 477], "excluded_lines": [], "start_line": 375}, "RateLimiter._increase_rate": {"executed_lines": [], "summary": {"covered_lines": 0, "num_statements": 29, "percent_covered": 0.0, "percent_covered_display": "0", "missing_lines": 29, "excluded_lines": 0, "percent_statements_covered": 0.0, "percent_statements_covered_display": "0"}, "missing_lines": [482, 484, 485, 487, 488, 489, 490, 492, 493, 495, 499, 502, 504, 507, 508, 510, 512, 514, 515, 516, 517, 518, 521, 524, 527, 529, 532, 533, 534], "excluded_lines": [], "start_line": 479}, "RateLimiter._reduce_rate": {"executed_lines": [], "summary": {"covered_lines": 0, "num_statements": 21, "percent_covered": 0.0, "percent_covered_display": "0", "missing_lines": 21, "excluded_lines": 0, "percent_statements_covered": 0.0, "percent_statements_covered_display": "0"}, "missing_lines": [539, 541, 542, 544, 545, 546, 547, 549, 550, 551, 553, 555, 558, 561, 564, 567, 570, 572, 575, 576, 577], "excluded_lines": [], "start_line": 536}, "RateLimiter.log_status": {"executed_lines": [], "summary": {"covered_lines": 0, "num_statements": 15, "percent_covered": 0.0, "percent_covered_display": "0", "missing_lines": 15, "excluded_lines": 0, "percent_statements_covered": 0.0, "percent_statements_covered_display": "0"}, "missing_lines": [581, 583, 584, 587, 588, 589, 590, 591, 593, 594, 596, 597, 601, 602, 603], "excluded_lines": [], "start_line": 579}, "RateLimiter.get_status": {"executed_lines": [], "summary": {"covered_lines": 0, "num_statements": 18, "percent_covered": 0.0, "percent_covered_display": "0", "missing_lines": 18, "excluded_lines": 0, "percent_statements_covered": 0.0, "percent_statements_covered_display": "0"}, "missing_lines": [609, 610, 612, 614, 631, 632, 633, 636, 637, 639, 640, 642, 643, 646, 672, 673, 674, 675], "excluded_lines": [], "start_line": 605}, "RateLimiter.force_reset": {"executed_lines": [], "summary": {"covered_lines": 0, "num_statements": 37, "percent_covered": 0.0, "percent_covered_display": "0", "missing_lines": 37, "excluded_lines": 0, "percent_statements_covered": 0.0, "percent_statements_covered_display": "0"}, "missing_lines": [679, 682, 683, 684, 685, 686, 687, 690, 691, 692, 694, 695, 696, 697, 699, 700, 702, 703, 704, 705, 706, 707, 708, 709, 710, 713, 716, 717, 718, 719, 722, 723, 724, 725, 726, 727, 729], "excluded_lines": [], "start_line": 677}, "get_rate_limiter": {"executed_lines": [], "summary": {"covered_lines": 0, "num_statements": 2, "percent_covered": 0.0, "percent_covered_display": "0", "missing_lines": 2, "excluded_lines": 0, "percent_statements_covered": 0.0, "percent_statements_covered_display": "0"}, "missing_lines": [740, 742], "excluded_lines": [], "start_line": 738}, "manage_rate_limiter": {"executed_lines": [], "summary": {"covered_lines": 0, "num_statements": 142, "percent_covered": 0.0, "percent_covered_display": "0", "missing_lines": 142, "excluded_lines": 0, "percent_statements_covered": 0.0, "percent_statements_covered_display": "0"}, "missing_lines": [771, 773, 774, 776, 777, 778, 779, 783, 784, 785, 786, 789, 791, 792, 797, 798, 799, 800, 802, 803, 805, 806, 807, 808, 809, 812, 813, 814, 817, 819, 823, 828, 829, 830, 831, 833, 834, 836, 837, 838, 839, 840, 843, 844, 845, 848, 850, 854, 859, 860, 861, 862, 863, 864, 865, 866, 867, 868, 874, 875, 877, 878, 879, 880, 881, 883, 884, 886, 888, 889, 890, 891, 892, 893, 896, 898, 899, 900, 901, 902, 903, 904, 905, 908, 910, 911, 916, 917, 918, 924, 925, 927, 929, 930, 931, 932, 933, 934, 937, 939, 940, 941, 942, 943, 944, 945, 946, 949, 951, 952, 957, 958, 959, 965, 966, 967, 969, 971, 972, 973, 974, 975, 976, 977, 978, 980, 983, 985, 986, 987, 988, 989, 990, 991, 992, 995, 997, 998, 1003, 1004, 1005, 1012], "excluded_lines": [], "start_line": 751}, "": {"executed_lines": [], "summary": {"covered_lines": 0, "num_statements": 25, "percent_covered": 0.0, "percent_covered_display": "0", "missing_lines": 25, "excluded_lines": 0, "percent_statements_covered": 0.0, "percent_statements_covered_display": "0"}, "missing_lines": [1, 2, 3, 4, 5, 6, 8, 10, 13, 31, 33, 34, 50, 125, 233, 242, 262, 375, 479, 536, 579, 605, 677, 738, 751], "excluded_lines": [], "start_line": 1}}, "classes": {"RateLimiter": {"executed_lines": [], "summary": {"covered_lines": 0, "num_statements": 331, "percent_covered": 0.0, "percent_covered_display": "0", "missing_lines": 331, "excluded_lines": 0, "percent_statements_covered": 0.0, "percent_statements_covered_display": "0"}, "missing_lines": [43, 44, 47, 48, 61, 62, 63, 64, 65, 68, 72, 77, 78, 80, 81, 84, 85, 86, 89, 90, 91, 94, 95, 96, 97, 98, 99, 100, 101, 102, 103, 104, 107, 115, 118, 119, 121, 128, 131, 133, 134, 135, 136, 139, 140, 141, 142, 143, 146, 147, 148, 151, 152, 153, 154, 157, 158, 159, 162, 164, 165, 166, 167, 170, 171, 173, 174, 175, 177, 180, 181, 184, 185, 186, 188, 189, 190, 192, 196, 197, 198, 200, 202, 205, 206, 211, 212, 213, 214, 215, 218, 219, 221, 222, 223, 225, 226, 227, 228, 229, 236, 239, 240, 245, 248, 251, 252, 253, 254, 256, 259, 260, 271, 274, 275, 276, 277, 279, 281, 283, 285, 286, 287, 288, 289, 290, 293, 294, 295, 296, 300, 305, 306, 309, 310, 312, 313, 316, 318, 319, 320, 322, 324, 325, 330, 331, 332, 335, 336, 339, 342, 343, 344, 345, 346, 349, 353, 356, 358, 359, 362, 363, 364, 365, 369, 370, 372, 373, 384, 388, 389, 391, 392, 401, 402, 403, 407, 408, 409, 412, 414, 416, 417, 418, 419, 421, 425, 430, 431, 432, 435, 438, 443, 444, 447, 452, 456, 458, 460, 461, 463, 464, 466, 467, 469, 472, 473, 474, 475, 476, 477, 482, 484, 485, 487, 488, 489, 490, 492, 493, 495, 499, 502, 504, 507, 508, 510, 512, 514, 515, 516, 517, 518, 521, 524, 527, 529, 532, 533, 534, 539, 541, 542, 544, 545, 546, 547, 549, 550, 551, 553, 555, 558, 561, 564, 567, 570, 572, 575, 576, 577, 581, 583, 584, 587, 588, 589, 590, 591, 593, 594, 596, 597, 601, 602, 603, 609, 610, 612, 614, 631, 632, 633, 636, 637, 639, 640, 642, 643, 646, 672, 673, 674, 675, 679, 682, 683, 684, 685, 686, 687, 690, 691, 692, 694, 695, 696, 697, 699, 700, 702, 703, 704, 705, 706, 707, 708, 709, 710, 713, 716, 717, 718, 719, 722, 723, 724, 725, 726, 727, 729], "excluded_lines": [], "start_line": 13}, "": {"executed_lines": [], "summary": {"covered_lines": 0, "num_statements": 169, "percent_covered": 0.0, "percent_covered_display": "0", "missing_lines": 169, "excluded_lines": 0, "percent_statements_covered": 0.0, "percent_statements_covered_display": "0"}, "missing_lines": [1, 2, 3, 4, 5, 6, 8, 10, 13, 31, 33, 34, 50, 125, 233, 242, 262, 375, 479, 536, 579, 605, 677, 738, 740, 742, 751, 771, 773, 774, 776, 777, 778, 779, 783, 784, 785, 786, 789, 791, 792, 797, 798, 799, 800, 802, 803, 805, 806, 807, 808, 809, 812, 813, 814, 817, 819, 823, 828, 829, 830, 831, 833, 834, 836, 837, 838, 839, 840, 843, 844, 845, 848, 850, 854, 859, 860, 861, 862, 863, 864, 865, 866, 867, 868, 874, 875, 877, 878, 879, 880, 881, 883, 884, 886, 888, 889, 890, 891, 892, 893, 896, 898, 899, 900, 901, 902, 903, 904, 905, 908, 910, 911, 916, 917, 918, 924, 925, 927, 929, 930, 931, 932, 933, 934, 937, 939, 940, 941, 942, 943, 944, 945, 946, 949, 951, 952, 957, 958, 959, 965, 966, 967, 969, 971, 972, 973, 974, 975, 976, 977, 978, 980, 983, 985, 986, 987, 988, 989, 990, 991, 992, 995, 997, 998, 1003, 1004, 1005, 1012], "excluded_lines": [], "start_line": 1}}}, "app/utils/utils.py": {"executed_lines": [], "summary": {"covered_lines": 0, "num_statements": 12, "percent_covered": 0.0, "percent_covered_display": "0", "missing_lines": 12, "excluded_lines": 0, "percent_statements_covered": 0.0, "percent_statements_covered_display": "0"}, "missing_lines": [1, 4, 13, 14, 15, 16, 17, 18, 19, 23, 24, 25], "excluded_lines": [], "functions": {"get_proxy": {"executed_lines": [], "summary": {"covered_lines": 0, "num_statements": 10, "percent_covered": 0.0, "percent_covered_display": "0", "missing_lines": 10, "excluded_lines": 0, "percent_statements_covered": 0.0, "percent_statements_covered_display": "0"}, "missing_lines": [13, 14, 15, 16, 17, 18, 19, 23, 24, 25], "excluded_lines": [], "start_line": 4}, "": {"executed_lines": [], "summary": {"covered_lines": 0, "num_statements": 2, "percent_covered": 0.0, "percent_covered_display": "0", "missing_lines": 2, "excluded_lines": 0, "percent_statements_covered": 0.0, "percent_statements_covered_display": "0"}, "missing_lines": [1, 4], "excluded_lines": [], "start_line": 1}}, "classes": {"": {"executed_lines": [], "summary": {"covered_lines": 0, "num_statements": 12, "percent_covered": 0.0, "percent_covered_display": "0", "missing_lines": 12, "excluded_lines": 0, "percent_statements_covered": 0.0, "percent_statements_covered_display": "0"}, "missing_lines": [1, 4, 13, 14, 15, 16, 17, 18, 19, 23, 24, 25], "excluded_lines": [], "start_line": 1}}}}, "totals": {"covered_lines": 2669, "num_statements": 4292, "percent_covered": 62.18546132339236, "percent_covered_display": "62", "missing_lines": 1623, "excluded_lines": 3, "percent_statements_covered": 62.18546132339236, "percent_statements_covered_display": "62"}}